2025-05-09T10:38:47.570+05:30  INFO 4512 --- [VendorManagementService] [restartedMain] c.w.VendorManagementServiceApplication   : Starting VendorManagementServiceApplication using Java 21.0.6 with PID 4512 (C:\Users\2400899\git\WIMO_Final\VendorManagementService1\target\classes started by 2400899 in C:\Users\2400899\git\WIMO_Final\VendorManagementService1)
2025-05-09T10:38:47.574+05:30  INFO 4512 --- [VendorManagementService] [restartedMain] c.w.VendorManagementServiceApplication   : No active profile set, falling back to 1 default profile: "default"
2025-05-09T10:38:47.655+05:30  INFO 4512 --- [VendorManagementService] [restartedMain] o.s.c.c.c.ConfigServerConfigDataLoader   : Fetching config from server at : http://localhost:8888
2025-05-09T10:38:47.656+05:30  INFO 4512 --- [VendorManagementService] [restartedMain] o.s.c.c.c.ConfigServerConfigDataLoader   : Located environment: name=VendorManagementService, profiles=[default], label=null, version=cfe4a8e1a14beaa97e060ae5d2d8353529322bfb, state=
2025-05-09T10:38:47.660+05:30  INFO 4512 --- [VendorManagementService] [restartedMain] .e.DevToolsPropertyDefaultsPostProcessor : Devtools property defaults active! Set 'spring.devtools.add-properties' to 'false' to disable
2025-05-09T10:38:47.660+05:30  INFO 4512 --- [VendorManagementService] [restartedMain] .e.DevToolsPropertyDefaultsPostProcessor : For additional web related logging consider setting the 'logging.level.web' property to 'DEBUG'
2025-05-09T10:38:49.068+05:30  INFO 4512 --- [VendorManagementService] [restartedMain] .s.d.r.c.RepositoryConfigurationDelegate : Bootstrapping Spring Data JPA repositories in DEFAULT mode.
2025-05-09T10:38:49.377+05:30  INFO 4512 --- [VendorManagementService] [restartedMain] .s.d.r.c.RepositoryConfigurationDelegate : Finished Spring Data repository scanning in 285 ms. Found 1 JPA repository interface.
2025-05-09T10:38:49.799+05:30  INFO 4512 --- [VendorManagementService] [restartedMain] o.s.cloud.context.scope.GenericScope     : BeanFactory id=844f5635-fe6b-3cf4-99b8-c9bebec7086a
2025-05-09T10:38:50.726+05:30  INFO 4512 --- [VendorManagementService] [restartedMain] o.s.b.w.embedded.tomcat.TomcatWebServer  : Tomcat initialized with port 9092 (http)
2025-05-09T10:38:50.753+05:30  INFO 4512 --- [VendorManagementService] [restartedMain] o.apache.catalina.core.StandardService   : Starting service [Tomcat]
2025-05-09T10:38:50.754+05:30  INFO 4512 --- [VendorManagementService] [restartedMain] o.apache.catalina.core.StandardEngine    : Starting Servlet engine: [Apache Tomcat/10.1.40]
2025-05-09T10:38:50.901+05:30  INFO 4512 --- [VendorManagementService] [restartedMain] o.a.c.c.C.[Tomcat].[localhost].[/]       : Initializing Spring embedded WebApplicationContext
2025-05-09T10:38:50.902+05:30  INFO 4512 --- [VendorManagementService] [restartedMain] w.s.c.ServletWebServerApplicationContext : Root WebApplicationContext: initialization completed in 3241 ms
2025-05-09T10:38:51.231+05:30  INFO 4512 --- [VendorManagementService] [restartedMain] o.hibernate.jpa.internal.util.LogHelper  : HHH000204: Processing PersistenceUnitInfo [name: default]
2025-05-09T10:38:51.356+05:30  INFO 4512 --- [VendorManagementService] [restartedMain] org.hibernate.Version                    : HHH000412: Hibernate ORM core version 6.6.13.Final
2025-05-09T10:38:51.440+05:30  INFO 4512 --- [VendorManagementService] [restartedMain] o.h.c.internal.RegionFactoryInitiator    : HHH000026: Second-level cache disabled
2025-05-09T10:38:51.999+05:30  INFO 4512 --- [VendorManagementService] [restartedMain] o.s.o.j.p.SpringPersistenceUnitInfo      : No LoadTimeWeaver setup: ignoring JPA class transformer
2025-05-09T10:38:52.058+05:30  INFO 4512 --- [VendorManagementService] [restartedMain] com.zaxxer.hikari.HikariDataSource       : HikariPool-1 - Starting...
2025-05-09T10:38:52.626+05:30  INFO 4512 --- [VendorManagementService] [restartedMain] com.zaxxer.hikari.pool.HikariPool        : HikariPool-1 - Added connection com.mysql.cj.jdbc.ConnectionImpl@630f6198
2025-05-09T10:38:52.631+05:30  INFO 4512 --- [VendorManagementService] [restartedMain] com.zaxxer.hikari.HikariDataSource       : HikariPool-1 - Start completed.
2025-05-09T10:38:52.705+05:30  WARN 4512 --- [VendorManagementService] [restartedMain] org.hibernate.orm.deprecation            : HHH90000025: MySQLDialect does not need to be specified explicitly using 'hibernate.dialect' (remove the property setting and it will be selected by default)
2025-05-09T10:38:52.733+05:30  INFO 4512 --- [VendorManagementService] [restartedMain] org.hibernate.orm.connections.pooling    : HHH10001005: Database info:
	Database JDBC URL [Connecting through datasource 'HikariDataSource (HikariPool-1)']
	Database driver: undefined/unknown
	Database version: 8.0.41
	Autocommit mode: undefined/unknown
	Isolation level: undefined/unknown
	Minimum pool size: undefined/unknown
	Maximum pool size: undefined/unknown
2025-05-09T10:38:54.489+05:30  INFO 4512 --- [VendorManagementService] [restartedMain] o.h.e.t.j.p.i.JtaPlatformInitiator       : HHH000489: No JTA platform available (set 'hibernate.transaction.jta.platform' to enable JTA platform integration)
2025-05-09T10:38:54.581+05:30  INFO 4512 --- [VendorManagementService] [restartedMain] j.LocalContainerEntityManagerFactoryBean : Initialized JPA EntityManagerFactory for persistence unit 'default'
2025-05-09T10:38:55.056+05:30  WARN 4512 --- [VendorManagementService] [restartedMain] JpaBaseConfiguration$JpaWebConfiguration : spring.jpa.open-in-view is enabled by default. Therefore, database queries may be performed during view rendering. Explicitly configure spring.jpa.open-in-view to disable this warning
2025-05-09T10:38:56.194+05:30  WARN 4512 --- [VendorManagementService] [restartedMain] o.s.b.d.a.OptionalLiveReloadServer       : Unable to start LiveReload server
2025-05-09T10:38:56.285+05:30  INFO 4512 --- [VendorManagementService] [restartedMain] DiscoveryClientOptionalArgsConfiguration : Eureka HTTP Client uses RestTemplate.
2025-05-09T10:38:56.376+05:30  WARN 4512 --- [VendorManagementService] [restartedMain] iguration$LoadBalancerCaffeineWarnLogger : Spring Cloud LoadBalancer is currently working with the default cache. While this cache implementation is useful for development and tests, it's recommended to use Caffeine cache in production.You can switch to using Caffeine cache, by adding it and org.springframework.cache.caffeine.CaffeineCacheManager to the classpath.
2025-05-09T10:38:56.457+05:30  INFO 4512 --- [VendorManagementService] [restartedMain] o.s.c.n.eureka.InstanceInfoFactory       : Setting initial instance status as: STARTING
2025-05-09T10:38:56.490+05:30  INFO 4512 --- [VendorManagementService] [restartedMain] com.netflix.discovery.DiscoveryClient    : Initializing Eureka in region us-east-1
2025-05-09T10:38:56.496+05:30  INFO 4512 --- [VendorManagementService] [restartedMain] c.n.d.s.r.aws.ConfigClusterResolver      : Resolving eureka endpoints via configuration
2025-05-09T10:38:56.507+05:30  INFO 4512 --- [VendorManagementService] [restartedMain] com.netflix.discovery.DiscoveryClient    : Disable delta property : false
2025-05-09T10:38:56.508+05:30  INFO 4512 --- [VendorManagementService] [restartedMain] com.netflix.discovery.DiscoveryClient    : Single vip registry refresh property : null
2025-05-09T10:38:56.508+05:30  INFO 4512 --- [VendorManagementService] [restartedMain] com.netflix.discovery.DiscoveryClient    : Force full registry fetch : false
2025-05-09T10:38:56.508+05:30  INFO 4512 --- [VendorManagementService] [restartedMain] com.netflix.discovery.DiscoveryClient    : Application is null : false
2025-05-09T10:38:56.508+05:30  INFO 4512 --- [VendorManagementService] [restartedMain] com.netflix.discovery.DiscoveryClient    : Registered Applications size is zero : true
2025-05-09T10:38:56.509+05:30  INFO 4512 --- [VendorManagementService] [restartedMain] com.netflix.discovery.DiscoveryClient    : Application version is -1: true
2025-05-09T10:38:56.509+05:30  INFO 4512 --- [VendorManagementService] [restartedMain] com.netflix.discovery.DiscoveryClient    : Getting all instance registry info from the eureka server
2025-05-09T10:38:56.868+05:30  INFO 4512 --- [VendorManagementService] [restartedMain] com.netflix.discovery.DiscoveryClient    : The response status is 200
2025-05-09T10:38:56.870+05:30  INFO 4512 --- [VendorManagementService] [restartedMain] com.netflix.discovery.DiscoveryClient    : Starting heartbeat executor: renew interval is: 30
2025-05-09T10:38:56.873+05:30  INFO 4512 --- [VendorManagementService] [restartedMain] c.n.discovery.InstanceInfoReplicator     : InstanceInfoReplicator onDemand update allowed rate per min is 4
2025-05-09T10:38:56.875+05:30  INFO 4512 --- [VendorManagementService] [restartedMain] com.netflix.discovery.DiscoveryClient    : Discovery Client initialized at timestamp 1746767336875 with initial instances count: 0
2025-05-09T10:38:56.885+05:30  INFO 4512 --- [VendorManagementService] [restartedMain] o.s.c.n.e.s.EurekaServiceRegistry        : Registering application VENDORMANAGEMENTSERVICE with eureka with status UP
2025-05-09T10:38:56.887+05:30  INFO 4512 --- [VendorManagementService] [restartedMain] com.netflix.discovery.DiscoveryClient    : Saw local status change event StatusChangeEvent [timestamp=1746767336887, current=UP, previous=STARTING]
2025-05-09T10:38:56.893+05:30  INFO 4512 --- [VendorManagementService] [DiscoveryClient-InstanceInfoReplicator-%d] com.netflix.discovery.DiscoveryClient    : DiscoveryClient_VENDORMANAGEMENTSERVICE/LTIN620190.cts.com:VendorManagementService:9092: registering service...
2025-05-09T10:38:56.931+05:30  INFO 4512 --- [VendorManagementService] [restartedMain] o.s.b.w.embedded.tomcat.TomcatWebServer  : Tomcat started on port 9092 (http) with context path '/'
2025-05-09T10:38:56.932+05:30  INFO 4512 --- [VendorManagementService] [restartedMain] .s.c.n.e.s.EurekaAutoServiceRegistration : Updating port to 9092
2025-05-09T10:38:56.952+05:30  INFO 4512 --- [VendorManagementService] [restartedMain] c.w.VendorManagementServiceApplication   : Started VendorManagementServiceApplication in 15.895 seconds (process running for 17.862)
2025-05-09T10:38:56.972+05:30  INFO 4512 --- [VendorManagementService] [DiscoveryClient-InstanceInfoReplicator-%d] com.netflix.discovery.DiscoveryClient    : DiscoveryClient_VENDORMANAGEMENTSERVICE/LTIN620190.cts.com:VendorManagementService:9092 - registration status: 204
2025-05-09T10:39:26.886+05:30  INFO 4512 --- [VendorManagementService] [DiscoveryClient-CacheRefreshExecutor-%d] com.netflix.discovery.DiscoveryClient    : Disable delta property : false
2025-05-09T10:39:26.886+05:30  INFO 4512 --- [VendorManagementService] [DiscoveryClient-CacheRefreshExecutor-%d] com.netflix.discovery.DiscoveryClient    : Single vip registry refresh property : null
2025-05-09T10:39:26.886+05:30  INFO 4512 --- [VendorManagementService] [DiscoveryClient-CacheRefreshExecutor-%d] com.netflix.discovery.DiscoveryClient    : Force full registry fetch : false
2025-05-09T10:39:26.886+05:30  INFO 4512 --- [VendorManagementService] [DiscoveryClient-CacheRefreshExecutor-%d] com.netflix.discovery.DiscoveryClient    : Application is null : false
2025-05-09T10:39:26.886+05:30  INFO 4512 --- [VendorManagementService] [DiscoveryClient-CacheRefreshExecutor-%d] com.netflix.discovery.DiscoveryClient    : Registered Applications size is zero : true
2025-05-09T10:39:26.887+05:30  INFO 4512 --- [VendorManagementService] [DiscoveryClient-CacheRefreshExecutor-%d] com.netflix.discovery.DiscoveryClient    : Application version is -1: false
2025-05-09T10:39:26.887+05:30  INFO 4512 --- [VendorManagementService] [DiscoveryClient-CacheRefreshExecutor-%d] com.netflix.discovery.DiscoveryClient    : Getting all instance registry info from the eureka server
2025-05-09T10:39:26.925+05:30  INFO 4512 --- [VendorManagementService] [DiscoveryClient-CacheRefreshExecutor-%d] com.netflix.discovery.DiscoveryClient    : The response status is 200
2025-05-09T10:43:56.523+05:30  INFO 4512 --- [VendorManagementService] [AsyncResolver-bootstrap-executor-%d] c.n.d.s.r.aws.ConfigClusterResolver      : Resolving eureka endpoints via configuration
2025-05-09T10:48:56.526+05:30  INFO 4512 --- [VendorManagementService] [AsyncResolver-bootstrap-executor-%d] c.n.d.s.r.aws.ConfigClusterResolver      : Resolving eureka endpoints via configuration
