2025-05-09T10:38:49.200+05:30  INFO 11544 --- [StockItemManagementService] [restartedMain] .w.StockItemManagementServiceApplication : Starting StockItemManagementServiceApplication using Java 21.0.6 with PID 11544 (C:\Users\2400899\git\WIMO_Final\StockItemManagementService\target\classes started by 2400899 in C:\Users\2400899\git\WIMO_Final\StockItemManagementService)
2025-05-09T10:38:49.205+05:30  INFO 11544 --- [StockItemManagementService] [restartedMain] .w.StockItemManagementServiceApplication : No active profile set, falling back to 1 default profile: "default"
2025-05-09T10:38:49.293+05:30  INFO 11544 --- [StockItemManagementService] [restartedMain] o.s.c.c.c.ConfigServerConfigDataLoader   : Fetching config from server at : http://localhost:8888
2025-05-09T10:38:49.293+05:30  INFO 11544 --- [StockItemManagementService] [restartedMain] o.s.c.c.c.ConfigServerConfigDataLoader   : Located environment: name=StockItemManagementService, profiles=[default], label=null, version=cfe4a8e1a14beaa97e060ae5d2d8353529322bfb, state=
2025-05-09T10:38:49.298+05:30  INFO 11544 --- [StockItemManagementService] [restartedMain] .e.DevToolsPropertyDefaultsPostProcessor : Devtools property defaults active! Set 'spring.devtools.add-properties' to 'false' to disable
2025-05-09T10:38:49.299+05:30  INFO 11544 --- [StockItemManagementService] [restartedMain] .e.DevToolsPropertyDefaultsPostProcessor : For additional web related logging consider setting the 'logging.level.web' property to 'DEBUG'
2025-05-09T10:38:50.667+05:30  INFO 11544 --- [StockItemManagementService] [restartedMain] o.s.b.f.s.DefaultListableBeanFactory     : Overriding bean definition for bean 'VENDORMANAGEMENTSERVICE.FeignClientSpecification' with an equivalent definition: replacing [Generic bean: class=org.springframework.cloud.openfeign.FeignClientSpecification; scope=; abstract=false; lazyInit=null; autowireMode=0; dependencyCheck=0; autowireCandidate=true; primary=false; fallback=false; factoryBeanName=null; factoryMethodName=null; initMethodNames=null; destroyMethodNames=null] with [Generic bean: class=org.springframework.cloud.openfeign.FeignClientSpecification; scope=; abstract=false; lazyInit=null; autowireMode=0; dependencyCheck=0; autowireCandidate=true; primary=false; fallback=false; factoryBeanName=null; factoryMethodName=null; initMethodNames=null; destroyMethodNames=null]
2025-05-09T10:38:50.668+05:30  INFO 11544 --- [StockItemManagementService] [restartedMain] o.s.b.f.s.DefaultListableBeanFactory     : Overriding bean definition for bean 'com.wimo.feignclient.VendorClient' with an equivalent definition: replacing [Generic bean: class=org.springframework.cloud.openfeign.FeignClientFactoryBean; scope=; abstract=false; lazyInit=null; autowireMode=2; dependencyCheck=0; autowireCandidate=true; primary=true; fallback=false; factoryBeanName=null; factoryMethodName=null; initMethodNames=null; destroyMethodNames=null] with [Generic bean: class=org.springframework.cloud.openfeign.FeignClientFactoryBean; scope=; abstract=false; lazyInit=null; autowireMode=2; dependencyCheck=0; autowireCandidate=true; primary=true; fallback=false; factoryBeanName=null; factoryMethodName=null; initMethodNames=null; destroyMethodNames=null]
2025-05-09T10:38:50.669+05:30  INFO 11544 --- [StockItemManagementService] [restartedMain] o.s.b.f.s.DefaultListableBeanFactory     : Overriding bean definition for bean 'ZONEMANAGEMENTSERVICE.FeignClientSpecification' with an equivalent definition: replacing [Generic bean: class=org.springframework.cloud.openfeign.FeignClientSpecification; scope=; abstract=false; lazyInit=null; autowireMode=0; dependencyCheck=0; autowireCandidate=true; primary=false; fallback=false; factoryBeanName=null; factoryMethodName=null; initMethodNames=null; destroyMethodNames=null] with [Generic bean: class=org.springframework.cloud.openfeign.FeignClientSpecification; scope=; abstract=false; lazyInit=null; autowireMode=0; dependencyCheck=0; autowireCandidate=true; primary=false; fallback=false; factoryBeanName=null; factoryMethodName=null; initMethodNames=null; destroyMethodNames=null]
2025-05-09T10:38:50.670+05:30  INFO 11544 --- [StockItemManagementService] [restartedMain] o.s.b.f.s.DefaultListableBeanFactory     : Overriding bean definition for bean 'com.wimo.feignclient.ZoneClient' with an equivalent definition: replacing [Generic bean: class=org.springframework.cloud.openfeign.FeignClientFactoryBean; scope=; abstract=false; lazyInit=null; autowireMode=2; dependencyCheck=0; autowireCandidate=true; primary=true; fallback=false; factoryBeanName=null; factoryMethodName=null; initMethodNames=null; destroyMethodNames=null] with [Generic bean: class=org.springframework.cloud.openfeign.FeignClientFactoryBean; scope=; abstract=false; lazyInit=null; autowireMode=2; dependencyCheck=0; autowireCandidate=true; primary=true; fallback=false; factoryBeanName=null; factoryMethodName=null; initMethodNames=null; destroyMethodNames=null]
2025-05-09T10:38:50.670+05:30  INFO 11544 --- [StockItemManagementService] [restartedMain] o.s.b.f.s.DefaultListableBeanFactory     : Overriding bean definition for bean 'STOCKITEMMANAGEMENTSERVICE.FeignClientSpecification' with an equivalent definition: replacing [Generic bean: class=org.springframework.cloud.openfeign.FeignClientSpecification; scope=; abstract=false; lazyInit=null; autowireMode=0; dependencyCheck=0; autowireCandidate=true; primary=false; fallback=false; factoryBeanName=null; factoryMethodName=null; initMethodNames=null; destroyMethodNames=null] with [Generic bean: class=org.springframework.cloud.openfeign.FeignClientSpecification; scope=; abstract=false; lazyInit=null; autowireMode=0; dependencyCheck=0; autowireCandidate=true; primary=false; fallback=false; factoryBeanName=null; factoryMethodName=null; initMethodNames=null; destroyMethodNames=null]
2025-05-09T10:38:50.671+05:30  INFO 11544 --- [StockItemManagementService] [restartedMain] o.s.b.f.s.DefaultListableBeanFactory     : Overriding bean definition for bean 'com.wimo.feignclient.StockClient' with an equivalent definition: replacing [Generic bean: class=org.springframework.cloud.openfeign.FeignClientFactoryBean; scope=; abstract=false; lazyInit=null; autowireMode=2; dependencyCheck=0; autowireCandidate=true; primary=true; fallback=false; factoryBeanName=null; factoryMethodName=null; initMethodNames=null; destroyMethodNames=null] with [Generic bean: class=org.springframework.cloud.openfeign.FeignClientFactoryBean; scope=; abstract=false; lazyInit=null; autowireMode=2; dependencyCheck=0; autowireCandidate=true; primary=true; fallback=false; factoryBeanName=null; factoryMethodName=null; initMethodNames=null; destroyMethodNames=null]
2025-05-09T10:38:51.074+05:30  INFO 11544 --- [StockItemManagementService] [restartedMain] .s.d.r.c.RepositoryConfigurationDelegate : Bootstrapping Spring Data JPA repositories in DEFAULT mode.
2025-05-09T10:38:51.392+05:30  INFO 11544 --- [StockItemManagementService] [restartedMain] .s.d.r.c.RepositoryConfigurationDelegate : Finished Spring Data repository scanning in 299 ms. Found 2 JPA repository interfaces.
2025-05-09T10:38:51.960+05:30  INFO 11544 --- [StockItemManagementService] [restartedMain] o.s.cloud.context.scope.GenericScope     : BeanFactory id=d251b45f-0564-3100-962f-551dfa7f9313
2025-05-09T10:38:52.847+05:30  INFO 11544 --- [StockItemManagementService] [restartedMain] o.s.b.w.embedded.tomcat.TomcatWebServer  : Tomcat initialized with port 9094 (http)
2025-05-09T10:38:52.872+05:30  INFO 11544 --- [StockItemManagementService] [restartedMain] o.apache.catalina.core.StandardService   : Starting service [Tomcat]
2025-05-09T10:38:52.873+05:30  INFO 11544 --- [StockItemManagementService] [restartedMain] o.apache.catalina.core.StandardEngine    : Starting Servlet engine: [Apache Tomcat/10.1.40]
2025-05-09T10:38:53.037+05:30  INFO 11544 --- [StockItemManagementService] [restartedMain] o.a.c.c.C.[Tomcat].[localhost].[/]       : Initializing Spring embedded WebApplicationContext
2025-05-09T10:38:53.038+05:30  INFO 11544 --- [StockItemManagementService] [restartedMain] w.s.c.ServletWebServerApplicationContext : Root WebApplicationContext: initialization completed in 3738 ms
2025-05-09T10:38:53.383+05:30  INFO 11544 --- [StockItemManagementService] [restartedMain] o.hibernate.jpa.internal.util.LogHelper  : HHH000204: Processing PersistenceUnitInfo [name: default]
2025-05-09T10:38:53.507+05:30  INFO 11544 --- [StockItemManagementService] [restartedMain] org.hibernate.Version                    : HHH000412: Hibernate ORM core version 6.6.13.Final
2025-05-09T10:38:53.592+05:30  INFO 11544 --- [StockItemManagementService] [restartedMain] o.h.c.internal.RegionFactoryInitiator    : HHH000026: Second-level cache disabled
2025-05-09T10:38:54.199+05:30  INFO 11544 --- [StockItemManagementService] [restartedMain] o.s.o.j.p.SpringPersistenceUnitInfo      : No LoadTimeWeaver setup: ignoring JPA class transformer
2025-05-09T10:38:54.280+05:30  INFO 11544 --- [StockItemManagementService] [restartedMain] com.zaxxer.hikari.HikariDataSource       : HikariPool-1 - Starting...
2025-05-09T10:38:54.889+05:30  INFO 11544 --- [StockItemManagementService] [restartedMain] com.zaxxer.hikari.pool.HikariPool        : HikariPool-1 - Added connection com.mysql.cj.jdbc.ConnectionImpl@b775876
2025-05-09T10:38:54.891+05:30  INFO 11544 --- [StockItemManagementService] [restartedMain] com.zaxxer.hikari.HikariDataSource       : HikariPool-1 - Start completed.
2025-05-09T10:38:55.003+05:30  WARN 11544 --- [StockItemManagementService] [restartedMain] org.hibernate.orm.deprecation            : HHH90000025: MySQLDialect does not need to be specified explicitly using 'hibernate.dialect' (remove the property setting and it will be selected by default)
2025-05-09T10:38:55.054+05:30  INFO 11544 --- [StockItemManagementService] [restartedMain] org.hibernate.orm.connections.pooling    : HHH10001005: Database info:
	Database JDBC URL [Connecting through datasource 'HikariDataSource (HikariPool-1)']
	Database driver: undefined/unknown
	Database version: 8.0.41
	Autocommit mode: undefined/unknown
	Isolation level: undefined/unknown
	Minimum pool size: undefined/unknown
	Maximum pool size: undefined/unknown
2025-05-09T10:38:56.836+05:30  INFO 11544 --- [StockItemManagementService] [restartedMain] o.h.e.t.j.p.i.JtaPlatformInitiator       : HHH000489: No JTA platform available (set 'hibernate.transaction.jta.platform' to enable JTA platform integration)
2025-05-09T10:38:56.918+05:30  INFO 11544 --- [StockItemManagementService] [restartedMain] j.LocalContainerEntityManagerFactoryBean : Initialized JPA EntityManagerFactory for persistence unit 'default'
2025-05-09T10:38:57.483+05:30  WARN 11544 --- [StockItemManagementService] [restartedMain] JpaBaseConfiguration$JpaWebConfiguration : spring.jpa.open-in-view is enabled by default. Therefore, database queries may be performed during view rendering. Explicitly configure spring.jpa.open-in-view to disable this warning
2025-05-09T10:38:57.526+05:30  WARN 11544 --- [StockItemManagementService] [restartedMain] o.s.b.d.a.OptionalLiveReloadServer       : Unable to start LiveReload server
2025-05-09T10:38:57.630+05:30  INFO 11544 --- [StockItemManagementService] [restartedMain] o.s.c.openfeign.FeignClientFactoryBean   : For 'ZONEMANAGEMENTSERVICE' URL not provided. Will try picking an instance via load-balancing.
2025-05-09T10:38:57.698+05:30  INFO 11544 --- [StockItemManagementService] [restartedMain] o.s.c.openfeign.FeignClientFactoryBean   : For 'VENDORMANAGEMENTSERVICE' URL not provided. Will try picking an instance via load-balancing.
2025-05-09T10:38:57.751+05:30  INFO 11544 --- [StockItemManagementService] [restartedMain] o.s.c.openfeign.FeignClientFactoryBean   : For 'STOCKITEMMANAGEMENTSERVICE' URL not provided. Will try picking an instance via load-balancing.
2025-05-09T10:38:58.396+05:30  INFO 11544 --- [StockItemManagementService] [restartedMain] DiscoveryClientOptionalArgsConfiguration : Eureka HTTP Client uses RestTemplate.
2025-05-09T10:38:58.431+05:30  WARN 11544 --- [StockItemManagementService] [restartedMain] iguration$LoadBalancerCaffeineWarnLogger : Spring Cloud LoadBalancer is currently working with the default cache. While this cache implementation is useful for development and tests, it's recommended to use Caffeine cache in production.You can switch to using Caffeine cache, by adding it and org.springframework.cache.caffeine.CaffeineCacheManager to the classpath.
2025-05-09T10:38:58.495+05:30  INFO 11544 --- [StockItemManagementService] [restartedMain] o.s.c.n.eureka.InstanceInfoFactory       : Setting initial instance status as: STARTING
2025-05-09T10:38:58.525+05:30  INFO 11544 --- [StockItemManagementService] [restartedMain] com.netflix.discovery.DiscoveryClient    : Initializing Eureka in region us-east-1
2025-05-09T10:38:58.531+05:30  INFO 11544 --- [StockItemManagementService] [restartedMain] c.n.d.s.r.aws.ConfigClusterResolver      : Resolving eureka endpoints via configuration
2025-05-09T10:38:58.543+05:30  INFO 11544 --- [StockItemManagementService] [restartedMain] com.netflix.discovery.DiscoveryClient    : Disable delta property : false
2025-05-09T10:38:58.545+05:30  INFO 11544 --- [StockItemManagementService] [restartedMain] com.netflix.discovery.DiscoveryClient    : Single vip registry refresh property : null
2025-05-09T10:38:58.546+05:30  INFO 11544 --- [StockItemManagementService] [restartedMain] com.netflix.discovery.DiscoveryClient    : Force full registry fetch : false
2025-05-09T10:38:58.546+05:30  INFO 11544 --- [StockItemManagementService] [restartedMain] com.netflix.discovery.DiscoveryClient    : Application is null : false
2025-05-09T10:38:58.546+05:30  INFO 11544 --- [StockItemManagementService] [restartedMain] com.netflix.discovery.DiscoveryClient    : Registered Applications size is zero : true
2025-05-09T10:38:58.546+05:30  INFO 11544 --- [StockItemManagementService] [restartedMain] com.netflix.discovery.DiscoveryClient    : Application version is -1: true
2025-05-09T10:38:58.546+05:30  INFO 11544 --- [StockItemManagementService] [restartedMain] com.netflix.discovery.DiscoveryClient    : Getting all instance registry info from the eureka server
2025-05-09T10:38:58.866+05:30  INFO 11544 --- [StockItemManagementService] [restartedMain] com.netflix.discovery.DiscoveryClient    : The response status is 200
2025-05-09T10:38:58.867+05:30  INFO 11544 --- [StockItemManagementService] [restartedMain] com.netflix.discovery.DiscoveryClient    : Starting heartbeat executor: renew interval is: 30
2025-05-09T10:38:58.869+05:30  INFO 11544 --- [StockItemManagementService] [restartedMain] c.n.discovery.InstanceInfoReplicator     : InstanceInfoReplicator onDemand update allowed rate per min is 4
2025-05-09T10:38:58.871+05:30  INFO 11544 --- [StockItemManagementService] [restartedMain] com.netflix.discovery.DiscoveryClient    : Discovery Client initialized at timestamp 1746767338871 with initial instances count: 0
2025-05-09T10:38:58.875+05:30  INFO 11544 --- [StockItemManagementService] [restartedMain] o.s.c.n.e.s.EurekaServiceRegistry        : Registering application STOCKITEMMANAGEMENTSERVICE with eureka with status UP
2025-05-09T10:38:58.876+05:30  INFO 11544 --- [StockItemManagementService] [restartedMain] com.netflix.discovery.DiscoveryClient    : Saw local status change event StatusChangeEvent [timestamp=1746767338876, current=UP, previous=STARTING]
2025-05-09T10:38:58.879+05:30  INFO 11544 --- [StockItemManagementService] [DiscoveryClient-InstanceInfoReplicator-%d] com.netflix.discovery.DiscoveryClient    : DiscoveryClient_STOCKITEMMANAGEMENTSERVICE/LTIN620190.cts.com:StockItemManagementService:9094: registering service...
2025-05-09T10:38:58.902+05:30  INFO 11544 --- [StockItemManagementService] [restartedMain] o.s.b.w.embedded.tomcat.TomcatWebServer  : Tomcat started on port 9094 (http) with context path '/'
2025-05-09T10:38:58.903+05:30  INFO 11544 --- [StockItemManagementService] [restartedMain] .s.c.n.e.s.EurekaAutoServiceRegistration : Updating port to 9094
2025-05-09T10:38:58.923+05:30  INFO 11544 --- [StockItemManagementService] [restartedMain] .w.StockItemManagementServiceApplication : Started StockItemManagementServiceApplication in 19.385 seconds (process running for 21.36)
2025-05-09T10:38:58.949+05:30  INFO 11544 --- [StockItemManagementService] [DiscoveryClient-InstanceInfoReplicator-%d] com.netflix.discovery.DiscoveryClient    : DiscoveryClient_STOCKITEMMANAGEMENTSERVICE/LTIN620190.cts.com:StockItemManagementService:9094 - registration status: 204
2025-05-09T10:39:27.867+05:30  INFO 11544 --- [StockItemManagementService] [http-nio-9094-exec-1] o.a.c.c.C.[Tomcat].[localhost].[/]       : Initializing Spring DispatcherServlet 'dispatcherServlet'
2025-05-09T10:39:27.868+05:30  INFO 11544 --- [StockItemManagementService] [http-nio-9094-exec-1] o.s.web.servlet.DispatcherServlet        : Initializing Servlet 'dispatcherServlet'
2025-05-09T10:39:27.869+05:30  INFO 11544 --- [StockItemManagementService] [http-nio-9094-exec-1] o.s.web.servlet.DispatcherServlet        : Completed initialization in 1 ms
2025-05-09T10:39:27.904+05:30  INFO 11544 --- [StockItemManagementService] [http-nio-9094-exec-1] com.wimo.service.StockItemServiceImpl    : Retrieving stock item with ID: 1
2025-05-09T10:39:27.983+05:30  INFO 11544 --- [StockItemManagementService] [http-nio-9094-exec-1] com.wimo.service.StockItemServiceImpl    : Stock item found: StockItem(stockId=1, stockName=rice, stockCategory=groceries, stockQuantity=20, zoneId=1, vendorId=1)
2025-05-09T10:39:28.883+05:30  INFO 11544 --- [StockItemManagementService] [DiscoveryClient-CacheRefreshExecutor-%d] com.netflix.discovery.DiscoveryClient    : Disable delta property : false
2025-05-09T10:39:28.884+05:30  INFO 11544 --- [StockItemManagementService] [DiscoveryClient-CacheRefreshExecutor-%d] com.netflix.discovery.DiscoveryClient    : Single vip registry refresh property : null
2025-05-09T10:39:28.884+05:30  INFO 11544 --- [StockItemManagementService] [DiscoveryClient-CacheRefreshExecutor-%d] com.netflix.discovery.DiscoveryClient    : Force full registry fetch : false
2025-05-09T10:39:28.884+05:30  INFO 11544 --- [StockItemManagementService] [DiscoveryClient-CacheRefreshExecutor-%d] com.netflix.discovery.DiscoveryClient    : Application is null : false
2025-05-09T10:39:28.884+05:30  INFO 11544 --- [StockItemManagementService] [DiscoveryClient-CacheRefreshExecutor-%d] com.netflix.discovery.DiscoveryClient    : Registered Applications size is zero : true
2025-05-09T10:39:28.884+05:30  INFO 11544 --- [StockItemManagementService] [DiscoveryClient-CacheRefreshExecutor-%d] com.netflix.discovery.DiscoveryClient    : Application version is -1: false
2025-05-09T10:39:28.885+05:30  INFO 11544 --- [StockItemManagementService] [DiscoveryClient-CacheRefreshExecutor-%d] com.netflix.discovery.DiscoveryClient    : Getting all instance registry info from the eureka server
2025-05-09T10:39:28.925+05:30  INFO 11544 --- [StockItemManagementService] [DiscoveryClient-CacheRefreshExecutor-%d] com.netflix.discovery.DiscoveryClient    : The response status is 200
2025-05-09T10:43:58.559+05:30  INFO 11544 --- [StockItemManagementService] [AsyncResolver-bootstrap-executor-%d] c.n.d.s.r.aws.ConfigClusterResolver      : Resolving eureka endpoints via configuration
2025-05-09T10:48:58.574+05:30  INFO 11544 --- [StockItemManagementService] [AsyncResolver-bootstrap-executor-%d] c.n.d.s.r.aws.ConfigClusterResolver      : Resolving eureka endpoints via configuration
