2025-05-13T08:32:52.679+05:30  INFO 32696 --- [security-service] [main] com.SpringSecurityLatestApplication      : Starting SpringSecurityLatestApplication using Java 21.0.6 with PID 32696 (C:\Users\2400899\git\WIMO_Final\Security-Service\target\classes started by 2400899 in C:\Users\2400899\git\WIMO_Final\Security-Service)
2025-05-13T08:32:52.699+05:30  INFO 32696 --- [security-service] [main] com.SpringSecurityLatestApplication      : No active profile set, falling back to 1 default profile: "default"
2025-05-13T08:32:52.835+05:30  INFO 32696 --- [security-service] [main] o.s.c.c.c.ConfigServerConfigDataLoader   : Fetching config from server at : http://localhost:8888
2025-05-13T08:32:52.836+05:30  INFO 32696 --- [security-service] [main] o.s.c.c.c.ConfigServerConfigDataLoader   : Located environment: name=security-service, profiles=[default], label=null, version=4c061525a0d31d1dbd06ab15bc30029068a2a1c7, state=
2025-05-13T08:32:56.253+05:30  INFO 32696 --- [security-service] [main] .s.d.r.c.RepositoryConfigurationDelegate : Bootstrapping Spring Data JPA repositories in DEFAULT mode.
2025-05-13T08:32:58.179+05:30  INFO 32696 --- [security-service] [main] .s.d.r.c.RepositoryConfigurationDelegate : Finished Spring Data repository scanning in 1890 ms. Found 1 JPA repository interface.
2025-05-13T08:32:59.064+05:30  INFO 32696 --- [security-service] [main] o.s.cloud.context.scope.GenericScope     : BeanFactory id=92e8f9e3-46c8-320d-b7cc-e3470d730c50
2025-05-13T08:33:00.531+05:30  INFO 32696 --- [security-service] [main] o.s.b.w.embedded.tomcat.TomcatWebServer  : Tomcat initialized with port 9097 (http)
2025-05-13T08:33:00.569+05:30  INFO 32696 --- [security-service] [main] o.apache.catalina.core.StandardService   : Starting service [Tomcat]
2025-05-13T08:33:00.571+05:30  INFO 32696 --- [security-service] [main] o.apache.catalina.core.StandardEngine    : Starting Servlet engine: [Apache Tomcat/10.1.40]
2025-05-13T08:33:00.804+05:30  INFO 32696 --- [security-service] [main] o.a.c.c.C.[Tomcat].[localhost].[/]       : Initializing Spring embedded WebApplicationContext
2025-05-13T08:33:00.806+05:30  INFO 32696 --- [security-service] [main] w.s.c.ServletWebServerApplicationContext : Root WebApplicationContext: initialization completed in 7962 ms
2025-05-13T08:33:01.371+05:30  INFO 32696 --- [security-service] [main] o.hibernate.jpa.internal.util.LogHelper  : HHH000204: Processing PersistenceUnitInfo [name: default]
2025-05-13T08:33:01.582+05:30  INFO 32696 --- [security-service] [main] org.hibernate.Version                    : HHH000412: Hibernate ORM core version 6.6.13.Final
2025-05-13T08:33:01.695+05:30  INFO 32696 --- [security-service] [main] o.h.c.internal.RegionFactoryInitiator    : HHH000026: Second-level cache disabled
2025-05-13T08:33:02.569+05:30  INFO 32696 --- [security-service] [main] o.s.o.j.p.SpringPersistenceUnitInfo      : No LoadTimeWeaver setup: ignoring JPA class transformer
2025-05-13T08:33:02.654+05:30  INFO 32696 --- [security-service] [main] com.zaxxer.hikari.HikariDataSource       : HikariPool-1 - Starting...
2025-05-13T08:33:03.384+05:30  INFO 32696 --- [security-service] [main] com.zaxxer.hikari.pool.HikariPool        : HikariPool-1 - Added connection com.mysql.cj.jdbc.ConnectionImpl@77ef7b2b
2025-05-13T08:33:03.388+05:30  INFO 32696 --- [security-service] [main] com.zaxxer.hikari.HikariDataSource       : HikariPool-1 - Start completed.
2025-05-13T08:33:03.537+05:30  WARN 32696 --- [security-service] [main] org.hibernate.orm.deprecation            : HHH90000025: MySQLDialect does not need to be specified explicitly using 'hibernate.dialect' (remove the property setting and it will be selected by default)
2025-05-13T08:33:03.592+05:30  INFO 32696 --- [security-service] [main] org.hibernate.orm.connections.pooling    : HHH10001005: Database info:
	Database JDBC URL [Connecting through datasource 'HikariDataSource (HikariPool-1)']
	Database driver: undefined/unknown
	Database version: 8.0.41
	Autocommit mode: undefined/unknown
	Isolation level: undefined/unknown
	Minimum pool size: undefined/unknown
	Maximum pool size: undefined/unknown
2025-05-13T08:33:05.673+05:30  INFO 32696 --- [security-service] [main] o.h.e.t.j.p.i.JtaPlatformInitiator       : HHH000489: No JTA platform available (set 'hibernate.transaction.jta.platform' to enable JTA platform integration)
2025-05-13T08:33:05.784+05:30  INFO 32696 --- [security-service] [main] j.LocalContainerEntityManagerFactoryBean : Initialized JPA EntityManagerFactory for persistence unit 'default'
2025-05-13T08:33:06.521+05:30  WARN 32696 --- [security-service] [main] JpaBaseConfiguration$JpaWebConfiguration : spring.jpa.open-in-view is enabled by default. Therefore, database queries may be performed during view rendering. Explicitly configure spring.jpa.open-in-view to disable this warning
2025-05-13T08:33:06.681+05:30  INFO 32696 --- [security-service] [main] eAuthenticationProviderManagerConfigurer : Global AuthenticationManager configured with AuthenticationProvider bean with name authenticationProvider
2025-05-13T08:33:06.683+05:30  WARN 32696 --- [security-service] [main] r$InitializeUserDetailsManagerConfigurer : Global AuthenticationManager configured with an AuthenticationProvider bean. UserDetailsService beans will not be used by Spring Security for automatically configuring username/password login. Consider removing the AuthenticationProvider bean. Alternatively, consider using the UserDetailsService in a manually instantiated DaoAuthenticationProvider. If the current configuration is intentional, to turn off this warning, increase the logging level of 'org.springframework.security.config.annotation.authentication.configuration.InitializeUserDetailsBeanManagerConfigurer' to ERROR
2025-05-13T08:33:08.226+05:30  INFO 32696 --- [security-service] [main] DiscoveryClientOptionalArgsConfiguration : Eureka HTTP Client uses RestTemplate.
2025-05-13T08:33:08.359+05:30  WARN 32696 --- [security-service] [main] iguration$LoadBalancerCaffeineWarnLogger : Spring Cloud LoadBalancer is currently working with the default cache. While this cache implementation is useful for development and tests, it's recommended to use Caffeine cache in production.You can switch to using Caffeine cache, by adding it and org.springframework.cache.caffeine.CaffeineCacheManager to the classpath.
2025-05-13T08:33:08.496+05:30  INFO 32696 --- [security-service] [main] o.s.c.n.eureka.InstanceInfoFactory       : Setting initial instance status as: STARTING
2025-05-13T08:33:08.596+05:30  INFO 32696 --- [security-service] [main] com.netflix.discovery.DiscoveryClient    : Initializing Eureka in region us-east-1
2025-05-13T08:33:08.613+05:30  INFO 32696 --- [security-service] [main] c.n.d.s.r.aws.ConfigClusterResolver      : Resolving eureka endpoints via configuration
2025-05-13T08:33:08.656+05:30  INFO 32696 --- [security-service] [main] com.netflix.discovery.DiscoveryClient    : Disable delta property : false
2025-05-13T08:33:08.657+05:30  INFO 32696 --- [security-service] [main] com.netflix.discovery.DiscoveryClient    : Single vip registry refresh property : null
2025-05-13T08:33:08.658+05:30  INFO 32696 --- [security-service] [main] com.netflix.discovery.DiscoveryClient    : Force full registry fetch : false
2025-05-13T08:33:08.658+05:30  INFO 32696 --- [security-service] [main] com.netflix.discovery.DiscoveryClient    : Application is null : false
2025-05-13T08:33:08.659+05:30  INFO 32696 --- [security-service] [main] com.netflix.discovery.DiscoveryClient    : Registered Applications size is zero : true
2025-05-13T08:33:08.659+05:30  INFO 32696 --- [security-service] [main] com.netflix.discovery.DiscoveryClient    : Application version is -1: true
2025-05-13T08:33:08.660+05:30  INFO 32696 --- [security-service] [main] com.netflix.discovery.DiscoveryClient    : Getting all instance registry info from the eureka server
2025-05-13T08:33:09.312+05:30  INFO 32696 --- [security-service] [main] com.netflix.discovery.DiscoveryClient    : The response status is 200
2025-05-13T08:33:09.316+05:30  INFO 32696 --- [security-service] [main] com.netflix.discovery.DiscoveryClient    : Starting heartbeat executor: renew interval is: 30
2025-05-13T08:33:09.322+05:30  INFO 32696 --- [security-service] [main] c.n.discovery.InstanceInfoReplicator     : InstanceInfoReplicator onDemand update allowed rate per min is 4
2025-05-13T08:33:09.325+05:30  INFO 32696 --- [security-service] [main] com.netflix.discovery.DiscoveryClient    : Discovery Client initialized at timestamp 1747105389324 with initial instances count: 2
2025-05-13T08:33:09.339+05:30  INFO 32696 --- [security-service] [main] o.s.c.n.e.s.EurekaServiceRegistry        : Registering application SECURITY-SERVICE with eureka with status UP
2025-05-13T08:33:09.342+05:30  INFO 32696 --- [security-service] [main] com.netflix.discovery.DiscoveryClient    : Saw local status change event StatusChangeEvent [timestamp=1747105389342, current=UP, previous=STARTING]
2025-05-13T08:33:09.346+05:30  INFO 32696 --- [security-service] [DiscoveryClient-InstanceInfoReplicator-%d] com.netflix.discovery.DiscoveryClient    : DiscoveryClient_SECURITY-SERVICE/LTIN620190.cts.com:security-service:9097: registering service...
2025-05-13T08:33:09.403+05:30  INFO 32696 --- [security-service] [main] o.s.b.w.embedded.tomcat.TomcatWebServer  : Tomcat started on port 9097 (http) with context path '/'
2025-05-13T08:33:09.404+05:30  INFO 32696 --- [security-service] [main] .s.c.n.e.s.EurekaAutoServiceRegistration : Updating port to 9097
2025-05-13T08:33:09.430+05:30  INFO 32696 --- [security-service] [main] com.SpringSecurityLatestApplication      : Started SpringSecurityLatestApplication in 21.288 seconds (process running for 23.035)
2025-05-13T08:33:09.449+05:30  INFO 32696 --- [security-service] [DiscoveryClient-InstanceInfoReplicator-%d] com.netflix.discovery.DiscoveryClient    : DiscoveryClient_SECURITY-SERVICE/LTIN620190.cts.com:security-service:9097 - registration status: 204
2025-05-13T08:38:08.672+05:30  INFO 32696 --- [security-service] [AsyncResolver-bootstrap-executor-%d] c.n.d.s.r.aws.ConfigClusterResolver      : Resolving eureka endpoints via configuration
2025-05-13T08:43:08.684+05:30  INFO 32696 --- [security-service] [AsyncResolver-bootstrap-executor-%d] c.n.d.s.r.aws.ConfigClusterResolver      : Resolving eureka endpoints via configuration
2025-05-13T08:48:08.696+05:30  INFO 32696 --- [security-service] [AsyncResolver-bootstrap-executor-%d] c.n.d.s.r.aws.ConfigClusterResolver      : Resolving eureka endpoints via configuration
2025-05-13T08:53:08.711+05:30  INFO 32696 --- [security-service] [AsyncResolver-bootstrap-executor-%d] c.n.d.s.r.aws.ConfigClusterResolver      : Resolving eureka endpoints via configuration
2025-05-13T08:58:10.791+05:30  INFO 32696 --- [security-service] [AsyncResolver-bootstrap-executor-%d] c.n.d.s.r.aws.ConfigClusterResolver      : Resolving eureka endpoints via configuration
2025-05-13T09:03:10.804+05:30  INFO 32696 --- [security-service] [AsyncResolver-bootstrap-executor-%d] c.n.d.s.r.aws.ConfigClusterResolver      : Resolving eureka endpoints via configuration
2025-05-13T09:08:10.815+05:30  INFO 32696 --- [security-service] [AsyncResolver-bootstrap-executor-%d] c.n.d.s.r.aws.ConfigClusterResolver      : Resolving eureka endpoints via configuration
2025-05-13T09:13:10.822+05:30  INFO 32696 --- [security-service] [AsyncResolver-bootstrap-executor-%d] c.n.d.s.r.aws.ConfigClusterResolver      : Resolving eureka endpoints via configuration
2025-05-13T09:18:10.834+05:30  INFO 32696 --- [security-service] [AsyncResolver-bootstrap-executor-%d] c.n.d.s.r.aws.ConfigClusterResolver      : Resolving eureka endpoints via configuration
2025-05-13T09:23:10.846+05:30  INFO 32696 --- [security-service] [AsyncResolver-bootstrap-executor-%d] c.n.d.s.r.aws.ConfigClusterResolver      : Resolving eureka endpoints via configuration
2025-05-13T09:28:10.859+05:30  INFO 32696 --- [security-service] [AsyncResolver-bootstrap-executor-%d] c.n.d.s.r.aws.ConfigClusterResolver      : Resolving eureka endpoints via configuration
2025-05-13T09:33:10.874+05:30  INFO 32696 --- [security-service] [AsyncResolver-bootstrap-executor-%d] c.n.d.s.r.aws.ConfigClusterResolver      : Resolving eureka endpoints via configuration
2025-05-13T09:36:23.895+05:30  INFO 32696 --- [security-service] [http-nio-9097-exec-1] o.a.c.c.C.[Tomcat].[localhost].[/]       : Initializing Spring DispatcherServlet 'dispatcherServlet'
2025-05-13T09:36:23.899+05:30  INFO 32696 --- [security-service] [http-nio-9097-exec-1] o.s.web.servlet.DispatcherServlet        : Initializing Servlet 'dispatcherServlet'
2025-05-13T09:36:24.018+05:30  INFO 32696 --- [security-service] [http-nio-9097-exec-1] o.s.web.servlet.DispatcherServlet        : Completed initialization in 118 ms
2025-05-13T09:36:38.901+05:30  INFO 32696 --- [security-service] [RMI TCP Connection(85)-127.0.0.1] inMXBeanRegistrar$SpringApplicationAdmin : Application shutdown requested.
2025-05-13T09:36:38.934+05:30  INFO 32696 --- [security-service] [RMI TCP Connection(85)-127.0.0.1] o.s.c.n.e.s.EurekaServiceRegistry        : Unregistering application SECURITY-SERVICE with eureka with status DOWN
2025-05-13T09:36:38.936+05:30  INFO 32696 --- [security-service] [RMI TCP Connection(85)-127.0.0.1] com.netflix.discovery.DiscoveryClient    : Saw local status change event StatusChangeEvent [timestamp=1747109198936, current=DOWN, previous=UP]
2025-05-13T09:36:38.938+05:30  INFO 32696 --- [security-service] [DiscoveryClient-InstanceInfoReplicator-%d] com.netflix.discovery.DiscoveryClient    : DiscoveryClient_SECURITY-SERVICE/LTIN620190.cts.com:security-service:9097: registering service...
2025-05-13T09:36:38.956+05:30  INFO 32696 --- [security-service] [RMI TCP Connection(85)-127.0.0.1] o.s.b.w.e.tomcat.GracefulShutdown        : Commencing graceful shutdown. Waiting for active requests to complete
2025-05-13T09:36:38.959+05:30  INFO 32696 --- [security-service] [DiscoveryClient-InstanceInfoReplicator-%d] com.netflix.discovery.DiscoveryClient    : DiscoveryClient_SECURITY-SERVICE/LTIN620190.cts.com:security-service:9097 - registration status: 204
2025-05-13T09:36:38.972+05:30  INFO 32696 --- [security-service] [tomcat-shutdown] o.s.b.w.e.tomcat.GracefulShutdown        : Graceful shutdown complete
2025-05-13T09:36:39.032+05:30  INFO 32696 --- [security-service] [RMI TCP Connection(85)-127.0.0.1] j.LocalContainerEntityManagerFactoryBean : Closing JPA EntityManagerFactory for persistence unit 'default'
2025-05-13T09:36:39.107+05:30  INFO 32696 --- [security-service] [RMI TCP Connection(85)-127.0.0.1] com.zaxxer.hikari.HikariDataSource       : HikariPool-1 - Shutdown initiated...
2025-05-13T09:36:39.135+05:30  INFO 32696 --- [security-service] [RMI TCP Connection(85)-127.0.0.1] com.zaxxer.hikari.HikariDataSource       : HikariPool-1 - Shutdown completed.
2025-05-13T09:36:39.143+05:30  INFO 32696 --- [security-service] [RMI TCP Connection(85)-127.0.0.1] com.netflix.discovery.DiscoveryClient    : Shutting down DiscoveryClient ...
2025-05-13T09:36:42.155+05:30  INFO 32696 --- [security-service] [RMI TCP Connection(85)-127.0.0.1] com.netflix.discovery.DiscoveryClient    : Unregistering ...
2025-05-13T09:36:42.173+05:30  INFO 32696 --- [security-service] [RMI TCP Connection(85)-127.0.0.1] com.netflix.discovery.DiscoveryClient    : DiscoveryClient_SECURITY-SERVICE/LTIN620190.cts.com:security-service:9097 - deregister  status: 200
2025-05-13T09:36:42.176+05:30  INFO 32696 --- [security-service] [RMI TCP Connection(85)-127.0.0.1] com.netflix.discovery.DiscoveryClient    : Completed shut down of DiscoveryClient
2025-05-13T09:36:51.292+05:30  INFO 1100 --- [security-service] [main] com.SpringSecurityLatestApplication      : Starting SpringSecurityLatestApplication using Java 21.0.6 with PID 1100 (C:\Users\2400899\git\WIMO_Final\Security-Service\target\classes started by 2400899 in C:\Users\2400899\git\WIMO_Final\Security-Service)
2025-05-13T09:36:51.294+05:30  INFO 1100 --- [security-service] [main] com.SpringSecurityLatestApplication      : No active profile set, falling back to 1 default profile: "default"
2025-05-13T09:36:51.345+05:30  INFO 1100 --- [security-service] [main] o.s.c.c.c.ConfigServerConfigDataLoader   : Fetching config from server at : http://localhost:8888
2025-05-13T09:36:51.345+05:30  INFO 1100 --- [security-service] [main] o.s.c.c.c.ConfigServerConfigDataLoader   : Located environment: name=security-service, profiles=[default], label=null, version=4c061525a0d31d1dbd06ab15bc30029068a2a1c7, state=
2025-05-13T09:36:52.563+05:30  INFO 1100 --- [security-service] [main] .s.d.r.c.RepositoryConfigurationDelegate : Bootstrapping Spring Data JPA repositories in DEFAULT mode.
2025-05-13T09:36:53.013+05:30  INFO 1100 --- [security-service] [main] .s.d.r.c.RepositoryConfigurationDelegate : Finished Spring Data repository scanning in 441 ms. Found 1 JPA repository interface.
2025-05-13T09:36:53.215+05:30  INFO 1100 --- [security-service] [main] o.s.cloud.context.scope.GenericScope     : BeanFactory id=92e8f9e3-46c8-320d-b7cc-e3470d730c50
2025-05-13T09:36:53.562+05:30  INFO 1100 --- [security-service] [main] o.s.b.w.embedded.tomcat.TomcatWebServer  : Tomcat initialized with port 9097 (http)
2025-05-13T09:36:53.578+05:30  INFO 1100 --- [security-service] [main] o.apache.catalina.core.StandardService   : Starting service [Tomcat]
2025-05-13T09:36:53.578+05:30  INFO 1100 --- [security-service] [main] o.apache.catalina.core.StandardEngine    : Starting Servlet engine: [Apache Tomcat/10.1.40]
2025-05-13T09:36:53.643+05:30  INFO 1100 --- [security-service] [main] o.a.c.c.C.[Tomcat].[localhost].[/]       : Initializing Spring embedded WebApplicationContext
2025-05-13T09:36:53.644+05:30  INFO 1100 --- [security-service] [main] w.s.c.ServletWebServerApplicationContext : Root WebApplicationContext: initialization completed in 2297 ms
2025-05-13T09:36:53.820+05:30  INFO 1100 --- [security-service] [main] o.hibernate.jpa.internal.util.LogHelper  : HHH000204: Processing PersistenceUnitInfo [name: default]
2025-05-13T09:36:53.892+05:30  INFO 1100 --- [security-service] [main] org.hibernate.Version                    : HHH000412: Hibernate ORM core version 6.6.13.Final
2025-05-13T09:36:53.944+05:30  INFO 1100 --- [security-service] [main] o.h.c.internal.RegionFactoryInitiator    : HHH000026: Second-level cache disabled
2025-05-13T09:36:54.248+05:30  INFO 1100 --- [security-service] [main] o.s.o.j.p.SpringPersistenceUnitInfo      : No LoadTimeWeaver setup: ignoring JPA class transformer
2025-05-13T09:36:54.288+05:30  INFO 1100 --- [security-service] [main] com.zaxxer.hikari.HikariDataSource       : HikariPool-1 - Starting...
2025-05-13T09:36:54.592+05:30  INFO 1100 --- [security-service] [main] com.zaxxer.hikari.pool.HikariPool        : HikariPool-1 - Added connection com.mysql.cj.jdbc.ConnectionImpl@e822394
2025-05-13T09:36:54.594+05:30  INFO 1100 --- [security-service] [main] com.zaxxer.hikari.HikariDataSource       : HikariPool-1 - Start completed.
2025-05-13T09:36:54.648+05:30  WARN 1100 --- [security-service] [main] org.hibernate.orm.deprecation            : HHH90000025: MySQLDialect does not need to be specified explicitly using 'hibernate.dialect' (remove the property setting and it will be selected by default)
2025-05-13T09:36:54.670+05:30  INFO 1100 --- [security-service] [main] org.hibernate.orm.connections.pooling    : HHH10001005: Database info:
	Database JDBC URL [Connecting through datasource 'HikariDataSource (HikariPool-1)']
	Database driver: undefined/unknown
	Database version: 8.0.41
	Autocommit mode: undefined/unknown
	Isolation level: undefined/unknown
	Minimum pool size: undefined/unknown
	Maximum pool size: undefined/unknown
2025-05-13T09:36:55.606+05:30  INFO 1100 --- [security-service] [main] o.h.e.t.j.p.i.JtaPlatformInitiator       : HHH000489: No JTA platform available (set 'hibernate.transaction.jta.platform' to enable JTA platform integration)
2025-05-13T09:36:55.663+05:30  INFO 1100 --- [security-service] [main] j.LocalContainerEntityManagerFactoryBean : Initialized JPA EntityManagerFactory for persistence unit 'default'
2025-05-13T09:36:55.940+05:30  WARN 1100 --- [security-service] [main] JpaBaseConfiguration$JpaWebConfiguration : spring.jpa.open-in-view is enabled by default. Therefore, database queries may be performed during view rendering. Explicitly configure spring.jpa.open-in-view to disable this warning
2025-05-13T09:36:56.046+05:30  INFO 1100 --- [security-service] [main] eAuthenticationProviderManagerConfigurer : Global AuthenticationManager configured with AuthenticationProvider bean with name authenticationProvider
2025-05-13T09:36:56.047+05:30  WARN 1100 --- [security-service] [main] r$InitializeUserDetailsManagerConfigurer : Global AuthenticationManager configured with an AuthenticationProvider bean. UserDetailsService beans will not be used by Spring Security for automatically configuring username/password login. Consider removing the AuthenticationProvider bean. Alternatively, consider using the UserDetailsService in a manually instantiated DaoAuthenticationProvider. If the current configuration is intentional, to turn off this warning, increase the logging level of 'org.springframework.security.config.annotation.authentication.configuration.InitializeUserDetailsBeanManagerConfigurer' to ERROR
2025-05-13T09:36:56.654+05:30  INFO 1100 --- [security-service] [main] DiscoveryClientOptionalArgsConfiguration : Eureka HTTP Client uses RestTemplate.
2025-05-13T09:36:56.698+05:30  WARN 1100 --- [security-service] [main] iguration$LoadBalancerCaffeineWarnLogger : Spring Cloud LoadBalancer is currently working with the default cache. While this cache implementation is useful for development and tests, it's recommended to use Caffeine cache in production.You can switch to using Caffeine cache, by adding it and org.springframework.cache.caffeine.CaffeineCacheManager to the classpath.
2025-05-13T09:36:56.761+05:30  INFO 1100 --- [security-service] [main] o.s.c.n.eureka.InstanceInfoFactory       : Setting initial instance status as: STARTING
2025-05-13T09:36:56.786+05:30  INFO 1100 --- [security-service] [main] com.netflix.discovery.DiscoveryClient    : Initializing Eureka in region us-east-1
2025-05-13T09:36:56.792+05:30  INFO 1100 --- [security-service] [main] c.n.d.s.r.aws.ConfigClusterResolver      : Resolving eureka endpoints via configuration
2025-05-13T09:36:56.803+05:30  INFO 1100 --- [security-service] [main] com.netflix.discovery.DiscoveryClient    : Disable delta property : false
2025-05-13T09:36:56.803+05:30  INFO 1100 --- [security-service] [main] com.netflix.discovery.DiscoveryClient    : Single vip registry refresh property : null
2025-05-13T09:36:56.803+05:30  INFO 1100 --- [security-service] [main] com.netflix.discovery.DiscoveryClient    : Force full registry fetch : false
2025-05-13T09:36:56.804+05:30  INFO 1100 --- [security-service] [main] com.netflix.discovery.DiscoveryClient    : Application is null : false
2025-05-13T09:36:56.804+05:30  INFO 1100 --- [security-service] [main] com.netflix.discovery.DiscoveryClient    : Registered Applications size is zero : true
2025-05-13T09:36:56.804+05:30  INFO 1100 --- [security-service] [main] com.netflix.discovery.DiscoveryClient    : Application version is -1: true
2025-05-13T09:36:56.805+05:30  INFO 1100 --- [security-service] [main] com.netflix.discovery.DiscoveryClient    : Getting all instance registry info from the eureka server
2025-05-13T09:36:57.122+05:30  INFO 1100 --- [security-service] [main] com.netflix.discovery.DiscoveryClient    : The response status is 200
2025-05-13T09:36:57.125+05:30  INFO 1100 --- [security-service] [main] com.netflix.discovery.DiscoveryClient    : Starting heartbeat executor: renew interval is: 30
2025-05-13T09:36:57.128+05:30  INFO 1100 --- [security-service] [main] c.n.discovery.InstanceInfoReplicator     : InstanceInfoReplicator onDemand update allowed rate per min is 4
2025-05-13T09:36:57.131+05:30  INFO 1100 --- [security-service] [main] com.netflix.discovery.DiscoveryClient    : Discovery Client initialized at timestamp 1747109217130 with initial instances count: 7
2025-05-13T09:36:57.139+05:30  INFO 1100 --- [security-service] [main] o.s.c.n.e.s.EurekaServiceRegistry        : Registering application SECURITY-SERVICE with eureka with status UP
2025-05-13T09:36:57.139+05:30  INFO 1100 --- [security-service] [main] com.netflix.discovery.DiscoveryClient    : Saw local status change event StatusChangeEvent [timestamp=1747109217139, current=UP, previous=STARTING]
2025-05-13T09:36:57.151+05:30  INFO 1100 --- [security-service] [DiscoveryClient-InstanceInfoReplicator-%d] com.netflix.discovery.DiscoveryClient    : DiscoveryClient_SECURITY-SERVICE/LTIN620190.cts.com:security-service:9097: registering service...
2025-05-13T09:36:57.184+05:30  INFO 1100 --- [security-service] [main] o.s.b.w.embedded.tomcat.TomcatWebServer  : Tomcat started on port 9097 (http) with context path '/'
2025-05-13T09:36:57.185+05:30  INFO 1100 --- [security-service] [main] .s.c.n.e.s.EurekaAutoServiceRegistration : Updating port to 9097
2025-05-13T09:36:57.202+05:30  INFO 1100 --- [security-service] [main] com.SpringSecurityLatestApplication      : Started SpringSecurityLatestApplication in 8.097 seconds (process running for 9.257)
2025-05-13T09:36:57.224+05:30  INFO 1100 --- [security-service] [DiscoveryClient-InstanceInfoReplicator-%d] com.netflix.discovery.DiscoveryClient    : DiscoveryClient_SECURITY-SERVICE/LTIN620190.cts.com:security-service:9097 - registration status: 204
2025-05-13T09:37:25.004+05:30  INFO 1100 --- [security-service] [http-nio-9097-exec-1] o.a.c.c.C.[Tomcat].[localhost].[/]       : Initializing Spring DispatcherServlet 'dispatcherServlet'
2025-05-13T09:37:25.005+05:30  INFO 1100 --- [security-service] [http-nio-9097-exec-1] o.s.web.servlet.DispatcherServlet        : Initializing Servlet 'dispatcherServlet'
2025-05-13T09:37:25.006+05:30  INFO 1100 --- [security-service] [http-nio-9097-exec-1] o.s.web.servlet.DispatcherServlet        : Completed initialization in 1 ms
2025-05-13T09:41:56.813+05:30  INFO 1100 --- [security-service] [AsyncResolver-bootstrap-executor-%d] c.n.d.s.r.aws.ConfigClusterResolver      : Resolving eureka endpoints via configuration
2025-05-13T09:46:56.817+05:30  INFO 1100 --- [security-service] [AsyncResolver-bootstrap-executor-%d] c.n.d.s.r.aws.ConfigClusterResolver      : Resolving eureka endpoints via configuration
2025-05-13T09:48:49.202+05:30  INFO 1100 --- [security-service] [RMI TCP Connection(21)-127.0.0.1] inMXBeanRegistrar$SpringApplicationAdmin : Application shutdown requested.
2025-05-13T09:48:49.203+05:30  INFO 1100 --- [security-service] [RMI TCP Connection(21)-127.0.0.1] o.s.c.n.e.s.EurekaServiceRegistry        : Unregistering application SECURITY-SERVICE with eureka with status DOWN
2025-05-13T09:48:49.204+05:30  INFO 1100 --- [security-service] [RMI TCP Connection(21)-127.0.0.1] com.netflix.discovery.DiscoveryClient    : Saw local status change event StatusChangeEvent [timestamp=1747109929204, current=DOWN, previous=UP]
2025-05-13T09:48:49.204+05:30  INFO 1100 --- [security-service] [DiscoveryClient-InstanceInfoReplicator-%d] com.netflix.discovery.DiscoveryClient    : DiscoveryClient_SECURITY-SERVICE/LTIN620190.cts.com:security-service:9097: registering service...
2025-05-13T09:48:49.210+05:30  INFO 1100 --- [security-service] [RMI TCP Connection(21)-127.0.0.1] o.s.b.w.e.tomcat.GracefulShutdown        : Commencing graceful shutdown. Waiting for active requests to complete
2025-05-13T09:48:49.217+05:30  INFO 1100 --- [security-service] [DiscoveryClient-InstanceInfoReplicator-%d] com.netflix.discovery.DiscoveryClient    : DiscoveryClient_SECURITY-SERVICE/LTIN620190.cts.com:security-service:9097 - registration status: 204
2025-05-13T09:48:49.222+05:30  INFO 1100 --- [security-service] [tomcat-shutdown] o.s.b.w.e.tomcat.GracefulShutdown        : Graceful shutdown complete
2025-05-13T09:48:49.233+05:30  INFO 1100 --- [security-service] [RMI TCP Connection(21)-127.0.0.1] j.LocalContainerEntityManagerFactoryBean : Closing JPA EntityManagerFactory for persistence unit 'default'
2025-05-13T09:48:49.237+05:30  INFO 1100 --- [security-service] [RMI TCP Connection(21)-127.0.0.1] com.zaxxer.hikari.HikariDataSource       : HikariPool-1 - Shutdown initiated...
2025-05-13T09:48:49.257+05:30  INFO 1100 --- [security-service] [RMI TCP Connection(21)-127.0.0.1] com.zaxxer.hikari.HikariDataSource       : HikariPool-1 - Shutdown completed.
2025-05-13T09:48:49.259+05:30  INFO 1100 --- [security-service] [RMI TCP Connection(21)-127.0.0.1] com.netflix.discovery.DiscoveryClient    : Shutting down DiscoveryClient ...
2025-05-13T09:48:52.270+05:30  INFO 1100 --- [security-service] [RMI TCP Connection(21)-127.0.0.1] com.netflix.discovery.DiscoveryClient    : Unregistering ...
2025-05-13T09:48:52.287+05:30  INFO 1100 --- [security-service] [RMI TCP Connection(21)-127.0.0.1] com.netflix.discovery.DiscoveryClient    : DiscoveryClient_SECURITY-SERVICE/LTIN620190.cts.com:security-service:9097 - deregister  status: 200
2025-05-13T09:48:52.287+05:30  INFO 1100 --- [security-service] [RMI TCP Connection(21)-127.0.0.1] com.netflix.discovery.DiscoveryClient    : Completed shut down of DiscoveryClient
2025-05-13T09:49:07.713+05:30  INFO 12904 --- [security-service] [main] com.SpringSecurityLatestApplication      : Starting SpringSecurityLatestApplication using Java 21.0.6 with PID 12904 (C:\Users\2400899\git\WIMO_Final\Security-Service\target\classes started by 2400899 in C:\Users\2400899\git\WIMO_Final\Security-Service)
2025-05-13T09:49:07.715+05:30  INFO 12904 --- [security-service] [main] com.SpringSecurityLatestApplication      : No active profile set, falling back to 1 default profile: "default"
2025-05-13T09:49:07.757+05:30  INFO 12904 --- [security-service] [main] o.s.c.c.c.ConfigServerConfigDataLoader   : Fetching config from server at : http://localhost:8888
2025-05-13T09:49:07.757+05:30  INFO 12904 --- [security-service] [main] o.s.c.c.c.ConfigServerConfigDataLoader   : Located environment: name=security-service, profiles=[default], label=null, version=4c061525a0d31d1dbd06ab15bc30029068a2a1c7, state=
2025-05-13T09:49:09.129+05:30  INFO 12904 --- [security-service] [main] .s.d.r.c.RepositoryConfigurationDelegate : Bootstrapping Spring Data JPA repositories in DEFAULT mode.
2025-05-13T09:49:44.585+05:30  INFO 1744 --- [security-service] [main] com.SpringSecurityLatestApplication      : Starting SpringSecurityLatestApplication using Java 21.0.6 with PID 1744 (C:\Users\2400899\git\WIMO_Final\Security-Service\target\classes started by 2400899 in C:\Users\2400899\git\WIMO_Final\Security-Service)
2025-05-13T09:49:44.590+05:30  INFO 1744 --- [security-service] [main] com.SpringSecurityLatestApplication      : No active profile set, falling back to 1 default profile: "default"
2025-05-13T09:49:44.712+05:30  INFO 1744 --- [security-service] [main] o.s.c.c.c.ConfigServerConfigDataLoader   : Fetching config from server at : http://localhost:8888
2025-05-13T09:49:44.712+05:30  INFO 1744 --- [security-service] [main] o.s.c.c.c.ConfigServerConfigDataLoader   : Located environment: name=security-service, profiles=[default], label=null, version=4c061525a0d31d1dbd06ab15bc30029068a2a1c7, state=
2025-05-13T09:49:49.177+05:30  INFO 1744 --- [security-service] [main] .s.d.r.c.RepositoryConfigurationDelegate : Bootstrapping Spring Data JPA repositories in DEFAULT mode.
2025-05-13T09:49:51.732+05:30  INFO 1744 --- [security-service] [main] .s.d.r.c.RepositoryConfigurationDelegate : Finished Spring Data repository scanning in 2515 ms. Found 1 JPA repository interface.
2025-05-13T09:49:52.683+05:30  INFO 1744 --- [security-service] [main] o.s.cloud.context.scope.GenericScope     : BeanFactory id=92e8f9e3-46c8-320d-b7cc-e3470d730c50
2025-05-13T09:49:54.086+05:30  INFO 1744 --- [security-service] [main] o.s.b.w.embedded.tomcat.TomcatWebServer  : Tomcat initialized with port 9097 (http)
2025-05-13T09:49:54.159+05:30  INFO 1744 --- [security-service] [main] o.apache.catalina.core.StandardService   : Starting service [Tomcat]
2025-05-13T09:49:54.160+05:30  INFO 1744 --- [security-service] [main] o.apache.catalina.core.StandardEngine    : Starting Servlet engine: [Apache Tomcat/10.1.40]
2025-05-13T09:49:54.438+05:30  INFO 1744 --- [security-service] [main] o.a.c.c.C.[Tomcat].[localhost].[/]       : Initializing Spring embedded WebApplicationContext
2025-05-13T09:49:54.441+05:30  INFO 1744 --- [security-service] [main] w.s.c.ServletWebServerApplicationContext : Root WebApplicationContext: initialization completed in 9722 ms
2025-05-13T09:49:55.159+05:30  INFO 1744 --- [security-service] [main] o.hibernate.jpa.internal.util.LogHelper  : HHH000204: Processing PersistenceUnitInfo [name: default]
2025-05-13T09:49:55.376+05:30  INFO 1744 --- [security-service] [main] org.hibernate.Version                    : HHH000412: Hibernate ORM core version 6.6.13.Final
2025-05-13T09:49:55.494+05:30  INFO 1744 --- [security-service] [main] o.h.c.internal.RegionFactoryInitiator    : HHH000026: Second-level cache disabled
2025-05-13T09:49:56.657+05:30  INFO 1744 --- [security-service] [main] o.s.o.j.p.SpringPersistenceUnitInfo      : No LoadTimeWeaver setup: ignoring JPA class transformer
2025-05-13T09:49:56.757+05:30  INFO 1744 --- [security-service] [main] com.zaxxer.hikari.HikariDataSource       : HikariPool-1 - Starting...
2025-05-13T09:49:57.759+05:30  INFO 1744 --- [security-service] [main] com.zaxxer.hikari.pool.HikariPool        : HikariPool-1 - Added connection com.mysql.cj.jdbc.ConnectionImpl@432e242d
2025-05-13T09:49:57.775+05:30  INFO 1744 --- [security-service] [main] com.zaxxer.hikari.HikariDataSource       : HikariPool-1 - Start completed.
2025-05-13T09:49:57.916+05:30  WARN 1744 --- [security-service] [main] org.hibernate.orm.deprecation            : HHH90000025: MySQLDialect does not need to be specified explicitly using 'hibernate.dialect' (remove the property setting and it will be selected by default)
2025-05-13T09:49:58.006+05:30  INFO 1744 --- [security-service] [main] org.hibernate.orm.connections.pooling    : HHH10001005: Database info:
	Database JDBC URL [Connecting through datasource 'HikariDataSource (HikariPool-1)']
	Database driver: undefined/unknown
	Database version: 8.0.41
	Autocommit mode: undefined/unknown
	Isolation level: undefined/unknown
	Minimum pool size: undefined/unknown
	Maximum pool size: undefined/unknown
2025-05-13T09:50:00.817+05:30  INFO 1744 --- [security-service] [main] o.h.e.t.j.p.i.JtaPlatformInitiator       : HHH000489: No JTA platform available (set 'hibernate.transaction.jta.platform' to enable JTA platform integration)
2025-05-13T09:50:00.936+05:30  INFO 1744 --- [security-service] [main] j.LocalContainerEntityManagerFactoryBean : Initialized JPA EntityManagerFactory for persistence unit 'default'
2025-05-13T09:50:01.892+05:30  INFO 1744 --- [security-service] [main] eAuthenticationProviderManagerConfigurer : Global AuthenticationManager configured with AuthenticationProvider bean with name authenticationProvider
2025-05-13T09:50:01.893+05:30  WARN 1744 --- [security-service] [main] r$InitializeUserDetailsManagerConfigurer : Global AuthenticationManager configured with an AuthenticationProvider bean. UserDetailsService beans will not be used by Spring Security for automatically configuring username/password login. Consider removing the AuthenticationProvider bean. Alternatively, consider using the UserDetailsService in a manually instantiated DaoAuthenticationProvider. If the current configuration is intentional, to turn off this warning, increase the logging level of 'org.springframework.security.config.annotation.authentication.configuration.InitializeUserDetailsBeanManagerConfigurer' to ERROR
2025-05-13T09:50:01.953+05:30  WARN 1744 --- [security-service] [main] JpaBaseConfiguration$JpaWebConfiguration : spring.jpa.open-in-view is enabled by default. Therefore, database queries may be performed during view rendering. Explicitly configure spring.jpa.open-in-view to disable this warning
2025-05-13T09:50:03.744+05:30  INFO 1744 --- [security-service] [main] DiscoveryClientOptionalArgsConfiguration : Eureka HTTP Client uses RestTemplate.
2025-05-13T09:50:03.848+05:30  WARN 1744 --- [security-service] [main] iguration$LoadBalancerCaffeineWarnLogger : Spring Cloud LoadBalancer is currently working with the default cache. While this cache implementation is useful for development and tests, it's recommended to use Caffeine cache in production.You can switch to using Caffeine cache, by adding it and org.springframework.cache.caffeine.CaffeineCacheManager to the classpath.
2025-05-13T09:50:03.960+05:30  INFO 1744 --- [security-service] [main] o.s.c.n.eureka.InstanceInfoFactory       : Setting initial instance status as: STARTING
2025-05-13T09:50:04.016+05:30  INFO 1744 --- [security-service] [main] com.netflix.discovery.DiscoveryClient    : Initializing Eureka in region us-east-1
2025-05-13T09:50:04.026+05:30  INFO 1744 --- [security-service] [main] c.n.d.s.r.aws.ConfigClusterResolver      : Resolving eureka endpoints via configuration
2025-05-13T09:50:04.046+05:30  INFO 1744 --- [security-service] [main] com.netflix.discovery.DiscoveryClient    : Disable delta property : false
2025-05-13T09:50:04.047+05:30  INFO 1744 --- [security-service] [main] com.netflix.discovery.DiscoveryClient    : Single vip registry refresh property : null
2025-05-13T09:50:04.048+05:30  INFO 1744 --- [security-service] [main] com.netflix.discovery.DiscoveryClient    : Force full registry fetch : false
2025-05-13T09:50:04.048+05:30  INFO 1744 --- [security-service] [main] com.netflix.discovery.DiscoveryClient    : Application is null : false
2025-05-13T09:50:04.048+05:30  INFO 1744 --- [security-service] [main] com.netflix.discovery.DiscoveryClient    : Registered Applications size is zero : true
2025-05-13T09:50:04.049+05:30  INFO 1744 --- [security-service] [main] com.netflix.discovery.DiscoveryClient    : Application version is -1: true
2025-05-13T09:50:04.049+05:30  INFO 1744 --- [security-service] [main] com.netflix.discovery.DiscoveryClient    : Getting all instance registry info from the eureka server
2025-05-13T09:50:04.605+05:30  INFO 1744 --- [security-service] [main] com.netflix.discovery.DiscoveryClient    : The response status is 200
2025-05-13T09:50:04.609+05:30  INFO 1744 --- [security-service] [main] com.netflix.discovery.DiscoveryClient    : Starting heartbeat executor: renew interval is: 30
2025-05-13T09:50:04.613+05:30  INFO 1744 --- [security-service] [main] c.n.discovery.InstanceInfoReplicator     : InstanceInfoReplicator onDemand update allowed rate per min is 4
2025-05-13T09:50:04.616+05:30  INFO 1744 --- [security-service] [main] com.netflix.discovery.DiscoveryClient    : Discovery Client initialized at timestamp 1747110004615 with initial instances count: 2
2025-05-13T09:50:04.622+05:30  INFO 1744 --- [security-service] [main] o.s.c.n.e.s.EurekaServiceRegistry        : Registering application SECURITY-SERVICE with eureka with status UP
2025-05-13T09:50:04.622+05:30  INFO 1744 --- [security-service] [main] com.netflix.discovery.DiscoveryClient    : Saw local status change event StatusChangeEvent [timestamp=1747110004622, current=UP, previous=STARTING]
2025-05-13T09:50:04.622+05:30  INFO 1744 --- [security-service] [DiscoveryClient-InstanceInfoReplicator-%d] com.netflix.discovery.DiscoveryClient    : DiscoveryClient_SECURITY-SERVICE/LTIN620190.cts.com:security-service:9097: registering service...
2025-05-13T09:50:04.674+05:30  INFO 1744 --- [security-service] [main] o.s.b.w.embedded.tomcat.TomcatWebServer  : Tomcat started on port 9097 (http) with context path '/'
2025-05-13T09:50:04.676+05:30  INFO 1744 --- [security-service] [main] .s.c.n.e.s.EurekaAutoServiceRegistration : Updating port to 9097
2025-05-13T09:50:04.699+05:30  INFO 1744 --- [security-service] [main] com.SpringSecurityLatestApplication      : Started SpringSecurityLatestApplication in 30.109 seconds (process running for 31.506)
2025-05-13T09:50:04.719+05:30  INFO 1744 --- [security-service] [DiscoveryClient-InstanceInfoReplicator-%d] com.netflix.discovery.DiscoveryClient    : DiscoveryClient_SECURITY-SERVICE/LTIN620190.cts.com:security-service:9097 - registration status: 204
2025-05-13T09:50:40.380+05:30  INFO 1744 --- [security-service] [http-nio-9097-exec-1] o.a.c.c.C.[Tomcat].[localhost].[/]       : Initializing Spring DispatcherServlet 'dispatcherServlet'
2025-05-13T09:50:40.380+05:30  INFO 1744 --- [security-service] [http-nio-9097-exec-1] o.s.web.servlet.DispatcherServlet        : Initializing Servlet 'dispatcherServlet'
2025-05-13T09:50:40.382+05:30  INFO 1744 --- [security-service] [http-nio-9097-exec-1] o.s.web.servlet.DispatcherServlet        : Completed initialization in 1 ms
2025-05-13T09:55:04.066+05:30  INFO 1744 --- [security-service] [AsyncResolver-bootstrap-executor-%d] c.n.d.s.r.aws.ConfigClusterResolver      : Resolving eureka endpoints via configuration
2025-05-13T10:00:04.071+05:30  INFO 1744 --- [security-service] [AsyncResolver-bootstrap-executor-%d] c.n.d.s.r.aws.ConfigClusterResolver      : Resolving eureka endpoints via configuration
2025-05-13T10:04:08.066+05:30  INFO 1744 --- [security-service] [RMI TCP Connection(28)-127.0.0.1] inMXBeanRegistrar$SpringApplicationAdmin : Application shutdown requested.
2025-05-13T10:04:08.067+05:30  INFO 1744 --- [security-service] [RMI TCP Connection(28)-127.0.0.1] o.s.c.n.e.s.EurekaServiceRegistry        : Unregistering application SECURITY-SERVICE with eureka with status DOWN
2025-05-13T10:04:08.067+05:30  INFO 1744 --- [security-service] [RMI TCP Connection(28)-127.0.0.1] com.netflix.discovery.DiscoveryClient    : Saw local status change event StatusChangeEvent [timestamp=1747110848067, current=DOWN, previous=UP]
2025-05-13T10:04:08.067+05:30  INFO 1744 --- [security-service] [DiscoveryClient-InstanceInfoReplicator-%d] com.netflix.discovery.DiscoveryClient    : DiscoveryClient_SECURITY-SERVICE/LTIN620190.cts.com:security-service:9097: registering service...
2025-05-13T10:04:08.070+05:30  INFO 1744 --- [security-service] [RMI TCP Connection(28)-127.0.0.1] o.s.b.w.e.tomcat.GracefulShutdown        : Commencing graceful shutdown. Waiting for active requests to complete
2025-05-13T10:04:08.075+05:30  INFO 1744 --- [security-service] [tomcat-shutdown] o.s.b.w.e.tomcat.GracefulShutdown        : Graceful shutdown complete
2025-05-13T10:04:08.081+05:30  INFO 1744 --- [security-service] [RMI TCP Connection(28)-127.0.0.1] j.LocalContainerEntityManagerFactoryBean : Closing JPA EntityManagerFactory for persistence unit 'default'
2025-05-13T10:04:08.084+05:30  INFO 1744 --- [security-service] [RMI TCP Connection(28)-127.0.0.1] com.zaxxer.hikari.HikariDataSource       : HikariPool-1 - Shutdown initiated...
2025-05-13T10:04:08.085+05:30  INFO 1744 --- [security-service] [DiscoveryClient-InstanceInfoReplicator-%d] com.netflix.discovery.DiscoveryClient    : DiscoveryClient_SECURITY-SERVICE/LTIN620190.cts.com:security-service:9097 - registration status: 204
2025-05-13T10:04:08.097+05:30  INFO 1744 --- [security-service] [RMI TCP Connection(28)-127.0.0.1] com.zaxxer.hikari.HikariDataSource       : HikariPool-1 - Shutdown completed.
2025-05-13T10:04:08.098+05:30  INFO 1744 --- [security-service] [RMI TCP Connection(28)-127.0.0.1] com.netflix.discovery.DiscoveryClient    : Shutting down DiscoveryClient ...
2025-05-13T10:04:11.099+05:30  INFO 1744 --- [security-service] [RMI TCP Connection(28)-127.0.0.1] com.netflix.discovery.DiscoveryClient    : Unregistering ...
2025-05-13T10:04:11.120+05:30  INFO 1744 --- [security-service] [RMI TCP Connection(28)-127.0.0.1] com.netflix.discovery.DiscoveryClient    : DiscoveryClient_SECURITY-SERVICE/LTIN620190.cts.com:security-service:9097 - deregister  status: 200
2025-05-13T10:04:11.121+05:30  INFO 1744 --- [security-service] [RMI TCP Connection(28)-127.0.0.1] com.netflix.discovery.DiscoveryClient    : Completed shut down of DiscoveryClient
2025-05-13T10:04:30.113+05:30  INFO 5720 --- [security-service] [main] com.SpringSecurityLatestApplication      : Starting SpringSecurityLatestApplication using Java 21.0.6 with PID 5720 (C:\Users\2400899\git\WIMO_Final\Security-Service\target\classes started by 2400899 in C:\Users\2400899\git\WIMO_Final\Security-Service)
2025-05-13T10:04:30.115+05:30  INFO 5720 --- [security-service] [main] com.SpringSecurityLatestApplication      : No active profile set, falling back to 1 default profile: "default"
2025-05-13T10:04:30.154+05:30  INFO 5720 --- [security-service] [main] o.s.c.c.c.ConfigServerConfigDataLoader   : Fetching config from server at : http://localhost:8888
2025-05-13T10:04:30.155+05:30  INFO 5720 --- [security-service] [main] o.s.c.c.c.ConfigServerConfigDataLoader   : Located environment: name=security-service, profiles=[default], label=null, version=4c061525a0d31d1dbd06ab15bc30029068a2a1c7, state=
2025-05-13T10:04:31.427+05:30  INFO 5720 --- [security-service] [main] .s.d.r.c.RepositoryConfigurationDelegate : Bootstrapping Spring Data JPA repositories in DEFAULT mode.
2025-05-13T10:04:32.019+05:30  INFO 5720 --- [security-service] [main] .s.d.r.c.RepositoryConfigurationDelegate : Finished Spring Data repository scanning in 581 ms. Found 1 JPA repository interface.
2025-05-13T10:04:32.298+05:30  INFO 5720 --- [security-service] [main] o.s.cloud.context.scope.GenericScope     : BeanFactory id=92e8f9e3-46c8-320d-b7cc-e3470d730c50
2025-05-13T10:04:32.706+05:30  INFO 5720 --- [security-service] [main] o.s.b.w.embedded.tomcat.TomcatWebServer  : Tomcat initialized with port 9097 (http)
2025-05-13T10:04:32.721+05:30  INFO 5720 --- [security-service] [main] o.apache.catalina.core.StandardService   : Starting service [Tomcat]
2025-05-13T10:04:32.721+05:30  INFO 5720 --- [security-service] [main] o.apache.catalina.core.StandardEngine    : Starting Servlet engine: [Apache Tomcat/10.1.40]
2025-05-13T10:04:32.784+05:30  INFO 5720 --- [security-service] [main] o.a.c.c.C.[Tomcat].[localhost].[/]       : Initializing Spring embedded WebApplicationContext
2025-05-13T10:04:32.785+05:30  INFO 5720 --- [security-service] [main] w.s.c.ServletWebServerApplicationContext : Root WebApplicationContext: initialization completed in 2627 ms
2025-05-13T10:04:32.975+05:30  INFO 5720 --- [security-service] [main] o.hibernate.jpa.internal.util.LogHelper  : HHH000204: Processing PersistenceUnitInfo [name: default]
2025-05-13T10:04:33.053+05:30  INFO 5720 --- [security-service] [main] org.hibernate.Version                    : HHH000412: Hibernate ORM core version 6.6.13.Final
2025-05-13T10:04:33.092+05:30  INFO 5720 --- [security-service] [main] o.h.c.internal.RegionFactoryInitiator    : HHH000026: Second-level cache disabled
2025-05-13T10:04:33.365+05:30  INFO 5720 --- [security-service] [main] o.s.o.j.p.SpringPersistenceUnitInfo      : No LoadTimeWeaver setup: ignoring JPA class transformer
2025-05-13T10:04:33.396+05:30  INFO 5720 --- [security-service] [main] com.zaxxer.hikari.HikariDataSource       : HikariPool-1 - Starting...
2025-05-13T10:04:33.743+05:30  INFO 5720 --- [security-service] [main] com.zaxxer.hikari.pool.HikariPool        : HikariPool-1 - Added connection com.mysql.cj.jdbc.ConnectionImpl@2810d9
2025-05-13T10:04:33.746+05:30  INFO 5720 --- [security-service] [main] com.zaxxer.hikari.HikariDataSource       : HikariPool-1 - Start completed.
2025-05-13T10:04:33.806+05:30  WARN 5720 --- [security-service] [main] org.hibernate.orm.deprecation            : HHH90000025: MySQLDialect does not need to be specified explicitly using 'hibernate.dialect' (remove the property setting and it will be selected by default)
2025-05-13T10:04:33.830+05:30  INFO 5720 --- [security-service] [main] org.hibernate.orm.connections.pooling    : HHH10001005: Database info:
	Database JDBC URL [Connecting through datasource 'HikariDataSource (HikariPool-1)']
	Database driver: undefined/unknown
	Database version: 8.0.41
	Autocommit mode: undefined/unknown
	Isolation level: undefined/unknown
	Minimum pool size: undefined/unknown
	Maximum pool size: undefined/unknown
2025-05-13T10:04:34.770+05:30  INFO 5720 --- [security-service] [main] o.h.e.t.j.p.i.JtaPlatformInitiator       : HHH000489: No JTA platform available (set 'hibernate.transaction.jta.platform' to enable JTA platform integration)
2025-05-13T10:04:34.835+05:30  INFO 5720 --- [security-service] [main] j.LocalContainerEntityManagerFactoryBean : Initialized JPA EntityManagerFactory for persistence unit 'default'
2025-05-13T10:04:35.152+05:30  INFO 5720 --- [security-service] [main] eAuthenticationProviderManagerConfigurer : Global AuthenticationManager configured with AuthenticationProvider bean with name authenticationProvider
2025-05-13T10:04:35.152+05:30  WARN 5720 --- [security-service] [main] r$InitializeUserDetailsManagerConfigurer : Global AuthenticationManager configured with an AuthenticationProvider bean. UserDetailsService beans will not be used by Spring Security for automatically configuring username/password login. Consider removing the AuthenticationProvider bean. Alternatively, consider using the UserDetailsService in a manually instantiated DaoAuthenticationProvider. If the current configuration is intentional, to turn off this warning, increase the logging level of 'org.springframework.security.config.annotation.authentication.configuration.InitializeUserDetailsBeanManagerConfigurer' to ERROR
2025-05-13T10:04:35.182+05:30  WARN 5720 --- [security-service] [main] JpaBaseConfiguration$JpaWebConfiguration : spring.jpa.open-in-view is enabled by default. Therefore, database queries may be performed during view rendering. Explicitly configure spring.jpa.open-in-view to disable this warning
2025-05-13T10:04:35.810+05:30  INFO 5720 --- [security-service] [main] DiscoveryClientOptionalArgsConfiguration : Eureka HTTP Client uses RestTemplate.
2025-05-13T10:04:35.867+05:30  WARN 5720 --- [security-service] [main] iguration$LoadBalancerCaffeineWarnLogger : Spring Cloud LoadBalancer is currently working with the default cache. While this cache implementation is useful for development and tests, it's recommended to use Caffeine cache in production.You can switch to using Caffeine cache, by adding it and org.springframework.cache.caffeine.CaffeineCacheManager to the classpath.
2025-05-13T10:04:35.935+05:30  INFO 5720 --- [security-service] [main] o.s.c.n.eureka.InstanceInfoFactory       : Setting initial instance status as: STARTING
2025-05-13T10:04:35.962+05:30  INFO 5720 --- [security-service] [main] com.netflix.discovery.DiscoveryClient    : Initializing Eureka in region us-east-1
2025-05-13T10:04:35.966+05:30  INFO 5720 --- [security-service] [main] c.n.d.s.r.aws.ConfigClusterResolver      : Resolving eureka endpoints via configuration
2025-05-13T10:04:35.977+05:30  INFO 5720 --- [security-service] [main] com.netflix.discovery.DiscoveryClient    : Disable delta property : false
2025-05-13T10:04:35.977+05:30  INFO 5720 --- [security-service] [main] com.netflix.discovery.DiscoveryClient    : Single vip registry refresh property : null
2025-05-13T10:04:35.978+05:30  INFO 5720 --- [security-service] [main] com.netflix.discovery.DiscoveryClient    : Force full registry fetch : false
2025-05-13T10:04:35.978+05:30  INFO 5720 --- [security-service] [main] com.netflix.discovery.DiscoveryClient    : Application is null : false
2025-05-13T10:04:35.978+05:30  INFO 5720 --- [security-service] [main] com.netflix.discovery.DiscoveryClient    : Registered Applications size is zero : true
2025-05-13T10:04:35.978+05:30  INFO 5720 --- [security-service] [main] com.netflix.discovery.DiscoveryClient    : Application version is -1: true
2025-05-13T10:04:35.979+05:30  INFO 5720 --- [security-service] [main] com.netflix.discovery.DiscoveryClient    : Getting all instance registry info from the eureka server
2025-05-13T10:04:36.267+05:30  INFO 5720 --- [security-service] [main] com.netflix.discovery.DiscoveryClient    : The response status is 200
2025-05-13T10:04:36.270+05:30  INFO 5720 --- [security-service] [main] com.netflix.discovery.DiscoveryClient    : Starting heartbeat executor: renew interval is: 30
2025-05-13T10:04:36.272+05:30  INFO 5720 --- [security-service] [main] c.n.discovery.InstanceInfoReplicator     : InstanceInfoReplicator onDemand update allowed rate per min is 4
2025-05-13T10:04:36.274+05:30  INFO 5720 --- [security-service] [main] com.netflix.discovery.DiscoveryClient    : Discovery Client initialized at timestamp 1747110876274 with initial instances count: 6
2025-05-13T10:04:36.281+05:30  INFO 5720 --- [security-service] [main] o.s.c.n.e.s.EurekaServiceRegistry        : Registering application SECURITY-SERVICE with eureka with status UP
2025-05-13T10:04:36.282+05:30  INFO 5720 --- [security-service] [main] com.netflix.discovery.DiscoveryClient    : Saw local status change event StatusChangeEvent [timestamp=1747110876282, current=UP, previous=STARTING]
2025-05-13T10:04:36.284+05:30  INFO 5720 --- [security-service] [DiscoveryClient-InstanceInfoReplicator-%d] com.netflix.discovery.DiscoveryClient    : DiscoveryClient_SECURITY-SERVICE/LTIN620190.cts.com:security-service:9097: registering service...
2025-05-13T10:04:36.307+05:30  INFO 5720 --- [security-service] [main] o.s.b.w.embedded.tomcat.TomcatWebServer  : Tomcat started on port 9097 (http) with context path '/'
2025-05-13T10:04:36.308+05:30  INFO 5720 --- [security-service] [main] .s.c.n.e.s.EurekaAutoServiceRegistration : Updating port to 9097
2025-05-13T10:04:36.317+05:30  INFO 5720 --- [security-service] [main] com.SpringSecurityLatestApplication      : Started SpringSecurityLatestApplication in 8.273 seconds (process running for 9.441)
2025-05-13T10:04:36.325+05:30  INFO 5720 --- [security-service] [DiscoveryClient-InstanceInfoReplicator-%d] com.netflix.discovery.DiscoveryClient    : DiscoveryClient_SECURITY-SERVICE/LTIN620190.cts.com:security-service:9097 - registration status: 204
2025-05-13T10:05:09.013+05:30  INFO 5720 --- [security-service] [http-nio-9097-exec-1] o.a.c.c.C.[Tomcat].[localhost].[/]       : Initializing Spring DispatcherServlet 'dispatcherServlet'
2025-05-13T10:05:09.013+05:30  INFO 5720 --- [security-service] [http-nio-9097-exec-1] o.s.web.servlet.DispatcherServlet        : Initializing Servlet 'dispatcherServlet'
2025-05-13T10:05:09.015+05:30  INFO 5720 --- [security-service] [http-nio-9097-exec-1] o.s.web.servlet.DispatcherServlet        : Completed initialization in 1 ms
2025-05-13T10:09:35.985+05:30  INFO 5720 --- [security-service] [AsyncResolver-bootstrap-executor-%d] c.n.d.s.r.aws.ConfigClusterResolver      : Resolving eureka endpoints via configuration
2025-05-13T10:11:35.069+05:30  INFO 5720 --- [security-service] [RMI TCP Connection(16)-127.0.0.1] inMXBeanRegistrar$SpringApplicationAdmin : Application shutdown requested.
2025-05-13T10:11:35.070+05:30  INFO 5720 --- [security-service] [RMI TCP Connection(16)-127.0.0.1] o.s.c.n.e.s.EurekaServiceRegistry        : Unregistering application SECURITY-SERVICE with eureka with status DOWN
2025-05-13T10:11:35.071+05:30  INFO 5720 --- [security-service] [RMI TCP Connection(16)-127.0.0.1] com.netflix.discovery.DiscoveryClient    : Saw local status change event StatusChangeEvent [timestamp=1747111295071, current=DOWN, previous=UP]
2025-05-13T10:11:35.071+05:30  INFO 5720 --- [security-service] [DiscoveryClient-InstanceInfoReplicator-%d] com.netflix.discovery.DiscoveryClient    : DiscoveryClient_SECURITY-SERVICE/LTIN620190.cts.com:security-service:9097: registering service...
2025-05-13T10:11:35.074+05:30  INFO 5720 --- [security-service] [RMI TCP Connection(16)-127.0.0.1] o.s.b.w.e.tomcat.GracefulShutdown        : Commencing graceful shutdown. Waiting for active requests to complete
2025-05-13T10:11:35.081+05:30  INFO 5720 --- [security-service] [tomcat-shutdown] o.s.b.w.e.tomcat.GracefulShutdown        : Graceful shutdown complete
2025-05-13T10:11:35.088+05:30  INFO 5720 --- [security-service] [RMI TCP Connection(16)-127.0.0.1] j.LocalContainerEntityManagerFactoryBean : Closing JPA EntityManagerFactory for persistence unit 'default'
2025-05-13T10:11:35.090+05:30  INFO 5720 --- [security-service] [RMI TCP Connection(16)-127.0.0.1] com.zaxxer.hikari.HikariDataSource       : HikariPool-1 - Shutdown initiated...
2025-05-13T10:11:35.090+05:30  INFO 5720 --- [security-service] [DiscoveryClient-InstanceInfoReplicator-%d] com.netflix.discovery.DiscoveryClient    : DiscoveryClient_SECURITY-SERVICE/LTIN620190.cts.com:security-service:9097 - registration status: 204
2025-05-13T10:11:35.101+05:30  INFO 5720 --- [security-service] [RMI TCP Connection(16)-127.0.0.1] com.zaxxer.hikari.HikariDataSource       : HikariPool-1 - Shutdown completed.
2025-05-13T10:11:35.103+05:30  INFO 5720 --- [security-service] [RMI TCP Connection(16)-127.0.0.1] com.netflix.discovery.DiscoveryClient    : Shutting down DiscoveryClient ...
2025-05-13T10:11:38.113+05:30  INFO 5720 --- [security-service] [RMI TCP Connection(16)-127.0.0.1] com.netflix.discovery.DiscoveryClient    : Unregistering ...
2025-05-13T10:11:38.114+05:30  WARN 5720 --- [security-service] [DiscoveryClient-%d] c.netflix.discovery.TimedSupervisorTask  : task supervisor shutting down, can't accept the task
2025-05-13T10:11:38.120+05:30  INFO 5720 --- [security-service] [RMI TCP Connection(16)-127.0.0.1] com.netflix.discovery.DiscoveryClient    : DiscoveryClient_SECURITY-SERVICE/LTIN620190.cts.com:security-service:9097 - deregister  status: 200
2025-05-13T10:11:38.121+05:30  INFO 5720 --- [security-service] [RMI TCP Connection(16)-127.0.0.1] com.netflix.discovery.DiscoveryClient    : Completed shut down of DiscoveryClient
