2025-05-09T10:38:49.975+05:30  INFO 18488 --- [ZoneManagementService] [restartedMain] c.wimo.ZoneManagementServiceApplication  : Starting ZoneManagementServiceApplication using Java 21.0.6 with PID 18488 (C:\Users\2400899\git\WIMO_Final\ZoneManagementService\target\classes started by 2400899 in C:\Users\2400899\git\WIMO_Final\ZoneManagementService)
2025-05-09T10:38:49.978+05:30  INFO 18488 --- [ZoneManagementService] [restartedMain] c.wimo.ZoneManagementServiceApplication  : No active profile set, falling back to 1 default profile: "default"
2025-05-09T10:38:50.059+05:30  INFO 18488 --- [ZoneManagementService] [restartedMain] o.s.c.c.c.ConfigServerConfigDataLoader   : Fetching config from server at : http://localhost:8888
2025-05-09T10:38:50.069+05:30  INFO 18488 --- [ZoneManagementService] [restartedMain] o.s.c.c.c.ConfigServerConfigDataLoader   : Located environment: name=ZoneManagementService, profiles=[default], label=null, version=cfe4a8e1a14beaa97e060ae5d2d8353529322bfb, state=
2025-05-09T10:38:50.072+05:30  INFO 18488 --- [ZoneManagementService] [restartedMain] .e.DevToolsPropertyDefaultsPostProcessor : Devtools property defaults active! Set 'spring.devtools.add-properties' to 'false' to disable
2025-05-09T10:38:50.073+05:30  INFO 18488 --- [ZoneManagementService] [restartedMain] .e.DevToolsPropertyDefaultsPostProcessor : For additional web related logging consider setting the 'logging.level.web' property to 'DEBUG'
2025-05-09T10:38:51.646+05:30  INFO 18488 --- [ZoneManagementService] [restartedMain] .s.d.r.c.RepositoryConfigurationDelegate : Bootstrapping Spring Data JPA repositories in DEFAULT mode.
2025-05-09T10:38:51.982+05:30  INFO 18488 --- [ZoneManagementService] [restartedMain] .s.d.r.c.RepositoryConfigurationDelegate : Finished Spring Data repository scanning in 317 ms. Found 1 JPA repository interface.
2025-05-09T10:38:52.403+05:30  INFO 18488 --- [ZoneManagementService] [restartedMain] o.s.cloud.context.scope.GenericScope     : BeanFactory id=41868e51-344a-32c9-a428-80f84b6c6497
2025-05-09T10:38:53.359+05:30  INFO 18488 --- [ZoneManagementService] [restartedMain] o.s.b.w.embedded.tomcat.TomcatWebServer  : Tomcat initialized with port 9093 (http)
2025-05-09T10:38:53.390+05:30  INFO 18488 --- [ZoneManagementService] [restartedMain] o.apache.catalina.core.StandardService   : Starting service [Tomcat]
2025-05-09T10:38:53.391+05:30  INFO 18488 --- [ZoneManagementService] [restartedMain] o.apache.catalina.core.StandardEngine    : Starting Servlet engine: [Apache Tomcat/10.1.40]
2025-05-09T10:38:53.545+05:30  INFO 18488 --- [ZoneManagementService] [restartedMain] o.a.c.c.C.[Tomcat].[localhost].[/]       : Initializing Spring embedded WebApplicationContext
2025-05-09T10:38:53.546+05:30  INFO 18488 --- [ZoneManagementService] [restartedMain] w.s.c.ServletWebServerApplicationContext : Root WebApplicationContext: initialization completed in 3471 ms
2025-05-09T10:38:53.823+05:30  INFO 18488 --- [ZoneManagementService] [restartedMain] o.hibernate.jpa.internal.util.LogHelper  : HHH000204: Processing PersistenceUnitInfo [name: default]
2025-05-09T10:38:53.935+05:30  INFO 18488 --- [ZoneManagementService] [restartedMain] org.hibernate.Version                    : HHH000412: Hibernate ORM core version 6.6.13.Final
2025-05-09T10:38:53.992+05:30  INFO 18488 --- [ZoneManagementService] [restartedMain] o.h.c.internal.RegionFactoryInitiator    : HHH000026: Second-level cache disabled
2025-05-09T10:38:54.532+05:30  INFO 18488 --- [ZoneManagementService] [restartedMain] o.s.o.j.p.SpringPersistenceUnitInfo      : No LoadTimeWeaver setup: ignoring JPA class transformer
2025-05-09T10:38:54.600+05:30  INFO 18488 --- [ZoneManagementService] [restartedMain] com.zaxxer.hikari.HikariDataSource       : HikariPool-1 - Starting...
2025-05-09T10:38:55.212+05:30  INFO 18488 --- [ZoneManagementService] [restartedMain] com.zaxxer.hikari.pool.HikariPool        : HikariPool-1 - Added connection com.mysql.cj.jdbc.ConnectionImpl@5b7ead5b
2025-05-09T10:38:55.217+05:30  INFO 18488 --- [ZoneManagementService] [restartedMain] com.zaxxer.hikari.HikariDataSource       : HikariPool-1 - Start completed.
2025-05-09T10:38:55.352+05:30  WARN 18488 --- [ZoneManagementService] [restartedMain] org.hibernate.orm.deprecation            : HHH90000025: MySQLDialect does not need to be specified explicitly using 'hibernate.dialect' (remove the property setting and it will be selected by default)
2025-05-09T10:38:55.397+05:30  INFO 18488 --- [ZoneManagementService] [restartedMain] org.hibernate.orm.connections.pooling    : HHH10001005: Database info:
	Database JDBC URL [Connecting through datasource 'HikariDataSource (HikariPool-1)']
	Database driver: undefined/unknown
	Database version: 8.0.41
	Autocommit mode: undefined/unknown
	Isolation level: undefined/unknown
	Minimum pool size: undefined/unknown
	Maximum pool size: undefined/unknown
2025-05-09T10:38:57.002+05:30  INFO 18488 --- [ZoneManagementService] [restartedMain] o.h.e.t.j.p.i.JtaPlatformInitiator       : HHH000489: No JTA platform available (set 'hibernate.transaction.jta.platform' to enable JTA platform integration)
2025-05-09T10:38:57.058+05:30  INFO 18488 --- [ZoneManagementService] [restartedMain] j.LocalContainerEntityManagerFactoryBean : Initialized JPA EntityManagerFactory for persistence unit 'default'
2025-05-09T10:38:57.500+05:30  WARN 18488 --- [ZoneManagementService] [restartedMain] JpaBaseConfiguration$JpaWebConfiguration : spring.jpa.open-in-view is enabled by default. Therefore, database queries may be performed during view rendering. Explicitly configure spring.jpa.open-in-view to disable this warning
2025-05-09T10:38:57.560+05:30  WARN 18488 --- [ZoneManagementService] [restartedMain] o.s.b.d.a.OptionalLiveReloadServer       : Unable to start LiveReload server
2025-05-09T10:38:57.738+05:30  INFO 18488 --- [ZoneManagementService] [restartedMain] o.s.c.openfeign.FeignClientFactoryBean   : For 'STOCKITEMMANAGEMENTSERVICE' URL not provided. Will try picking an instance via load-balancing.
2025-05-09T10:38:58.356+05:30  INFO 18488 --- [ZoneManagementService] [restartedMain] DiscoveryClientOptionalArgsConfiguration : Eureka HTTP Client uses RestTemplate.
2025-05-09T10:38:58.381+05:30  WARN 18488 --- [ZoneManagementService] [restartedMain] iguration$LoadBalancerCaffeineWarnLogger : Spring Cloud LoadBalancer is currently working with the default cache. While this cache implementation is useful for development and tests, it's recommended to use Caffeine cache in production.You can switch to using Caffeine cache, by adding it and org.springframework.cache.caffeine.CaffeineCacheManager to the classpath.
2025-05-09T10:38:58.442+05:30  INFO 18488 --- [ZoneManagementService] [restartedMain] o.s.c.n.eureka.InstanceInfoFactory       : Setting initial instance status as: STARTING
2025-05-09T10:38:58.467+05:30  INFO 18488 --- [ZoneManagementService] [restartedMain] com.netflix.discovery.DiscoveryClient    : Initializing Eureka in region us-east-1
2025-05-09T10:38:58.473+05:30  INFO 18488 --- [ZoneManagementService] [restartedMain] c.n.d.s.r.aws.ConfigClusterResolver      : Resolving eureka endpoints via configuration
2025-05-09T10:38:58.484+05:30  INFO 18488 --- [ZoneManagementService] [restartedMain] com.netflix.discovery.DiscoveryClient    : Disable delta property : false
2025-05-09T10:38:58.485+05:30  INFO 18488 --- [ZoneManagementService] [restartedMain] com.netflix.discovery.DiscoveryClient    : Single vip registry refresh property : null
2025-05-09T10:38:58.485+05:30  INFO 18488 --- [ZoneManagementService] [restartedMain] com.netflix.discovery.DiscoveryClient    : Force full registry fetch : false
2025-05-09T10:38:58.485+05:30  INFO 18488 --- [ZoneManagementService] [restartedMain] com.netflix.discovery.DiscoveryClient    : Application is null : false
2025-05-09T10:38:58.485+05:30  INFO 18488 --- [ZoneManagementService] [restartedMain] com.netflix.discovery.DiscoveryClient    : Registered Applications size is zero : true
2025-05-09T10:38:58.485+05:30  INFO 18488 --- [ZoneManagementService] [restartedMain] com.netflix.discovery.DiscoveryClient    : Application version is -1: true
2025-05-09T10:38:58.485+05:30  INFO 18488 --- [ZoneManagementService] [restartedMain] com.netflix.discovery.DiscoveryClient    : Getting all instance registry info from the eureka server
2025-05-09T10:38:58.786+05:30  INFO 18488 --- [ZoneManagementService] [restartedMain] com.netflix.discovery.DiscoveryClient    : The response status is 200
2025-05-09T10:38:58.787+05:30  INFO 18488 --- [ZoneManagementService] [restartedMain] com.netflix.discovery.DiscoveryClient    : Starting heartbeat executor: renew interval is: 30
2025-05-09T10:38:58.790+05:30  INFO 18488 --- [ZoneManagementService] [restartedMain] c.n.discovery.InstanceInfoReplicator     : InstanceInfoReplicator onDemand update allowed rate per min is 4
2025-05-09T10:38:58.795+05:30  INFO 18488 --- [ZoneManagementService] [restartedMain] com.netflix.discovery.DiscoveryClient    : Discovery Client initialized at timestamp 1746767338794 with initial instances count: 0
2025-05-09T10:38:58.802+05:30  INFO 18488 --- [ZoneManagementService] [restartedMain] o.s.c.n.e.s.EurekaServiceRegistry        : Registering application ZONEMANAGEMENTSERVICE with eureka with status UP
2025-05-09T10:38:58.803+05:30  INFO 18488 --- [ZoneManagementService] [restartedMain] com.netflix.discovery.DiscoveryClient    : Saw local status change event StatusChangeEvent [timestamp=1746767338803, current=UP, previous=STARTING]
2025-05-09T10:38:58.806+05:30  INFO 18488 --- [ZoneManagementService] [DiscoveryClient-InstanceInfoReplicator-%d] com.netflix.discovery.DiscoveryClient    : DiscoveryClient_ZONEMANAGEMENTSERVICE/LTIN620190.cts.com:ZoneManagementService:9093: registering service...
2025-05-09T10:38:58.842+05:30  INFO 18488 --- [ZoneManagementService] [restartedMain] o.s.b.w.embedded.tomcat.TomcatWebServer  : Tomcat started on port 9093 (http) with context path '/'
2025-05-09T10:38:58.843+05:30  INFO 18488 --- [ZoneManagementService] [restartedMain] .s.c.n.e.s.EurekaAutoServiceRegistration : Updating port to 9093
2025-05-09T10:38:58.863+05:30  INFO 18488 --- [ZoneManagementService] [restartedMain] c.wimo.ZoneManagementServiceApplication  : Started ZoneManagementServiceApplication in 20.039 seconds (process running for 21.982)
2025-05-09T10:38:58.885+05:30  INFO 18488 --- [ZoneManagementService] [DiscoveryClient-InstanceInfoReplicator-%d] com.netflix.discovery.DiscoveryClient    : DiscoveryClient_ZONEMANAGEMENTSERVICE/LTIN620190.cts.com:ZoneManagementService:9093 - registration status: 204
2025-05-09T10:39:28.788+05:30  INFO 18488 --- [ZoneManagementService] [DiscoveryClient-CacheRefreshExecutor-%d] com.netflix.discovery.DiscoveryClient    : Disable delta property : false
2025-05-09T10:39:28.789+05:30  INFO 18488 --- [ZoneManagementService] [DiscoveryClient-CacheRefreshExecutor-%d] com.netflix.discovery.DiscoveryClient    : Single vip registry refresh property : null
2025-05-09T10:39:28.789+05:30  INFO 18488 --- [ZoneManagementService] [DiscoveryClient-CacheRefreshExecutor-%d] com.netflix.discovery.DiscoveryClient    : Force full registry fetch : false
2025-05-09T10:39:28.789+05:30  INFO 18488 --- [ZoneManagementService] [DiscoveryClient-CacheRefreshExecutor-%d] com.netflix.discovery.DiscoveryClient    : Application is null : false
2025-05-09T10:39:28.789+05:30  INFO 18488 --- [ZoneManagementService] [DiscoveryClient-CacheRefreshExecutor-%d] com.netflix.discovery.DiscoveryClient    : Registered Applications size is zero : true
2025-05-09T10:39:28.789+05:30  INFO 18488 --- [ZoneManagementService] [DiscoveryClient-CacheRefreshExecutor-%d] com.netflix.discovery.DiscoveryClient    : Application version is -1: false
2025-05-09T10:39:28.790+05:30  INFO 18488 --- [ZoneManagementService] [DiscoveryClient-CacheRefreshExecutor-%d] com.netflix.discovery.DiscoveryClient    : Getting all instance registry info from the eureka server
2025-05-09T10:39:28.818+05:30  INFO 18488 --- [ZoneManagementService] [DiscoveryClient-CacheRefreshExecutor-%d] com.netflix.discovery.DiscoveryClient    : The response status is 200
2025-05-09T10:43:58.498+05:30  INFO 18488 --- [ZoneManagementService] [AsyncResolver-bootstrap-executor-%d] c.n.d.s.r.aws.ConfigClusterResolver      : Resolving eureka endpoints via configuration
2025-05-09T10:48:58.502+05:30  INFO 18488 --- [ZoneManagementService] [AsyncResolver-bootstrap-executor-%d] c.n.d.s.r.aws.ConfigClusterResolver      : Resolving eureka endpoints via configuration
