2025-06-11T08:08:17.228+05:30  INFO 4248 --- [NotificationService] [restartedMain] c.wimo.NotificationServiceApplication    : Starting NotificationServiceApplication using Java 21.0.6 with PID 4248 (C:\Users\2400899\git\WIMO_Final\NotificationService\target\classes started by 2400899 in C:\Users\2400899\git\WIMO_Final\NotificationService)
2025-06-11T08:08:17.269+05:30  INFO 4248 --- [NotificationService] [restartedMain] c.wimo.NotificationServiceApplication    : No active profile set, falling back to 1 default profile: "default"
2025-06-11T08:08:17.372+05:30  INFO 4248 --- [NotificationService] [restartedMain] o.s.c.c.c.ConfigServerConfigDataLoader   : Fetching config from server at : http://localhost:8888
2025-06-11T08:08:17.373+05:30  INFO 4248 --- [NotificationService] [restartedMain] o.s.c.c.c.ConfigServerConfigDataLoader   : Located environment: name=NotificationService, profiles=[default], label=null, version=bb3b0bb8d68fbd73beec1d704ca10e1b600e6453, state=
2025-06-11T08:08:17.380+05:30  INFO 4248 --- [NotificationService] [restartedMain] .e.DevToolsPropertyDefaultsPostProcessor : Devtools property defaults active! Set 'spring.devtools.add-properties' to 'false' to disable
2025-06-11T08:08:17.380+05:30  INFO 4248 --- [NotificationService] [restartedMain] .e.DevToolsPropertyDefaultsPostProcessor : For additional web related logging consider setting the 'logging.level.web' property to 'DEBUG'
2025-06-11T08:08:21.066+05:30  INFO 4248 --- [NotificationService] [restartedMain] .s.d.r.c.RepositoryConfigurationDelegate : Bootstrapping Spring Data JPA repositories in DEFAULT mode.
2025-06-11T08:08:21.541+05:30  INFO 4248 --- [NotificationService] [restartedMain] .s.d.r.c.RepositoryConfigurationDelegate : Finished Spring Data repository scanning in 452 ms. Found 1 JPA repository interface.
2025-06-11T08:08:22.353+05:30  INFO 4248 --- [NotificationService] [restartedMain] o.s.cloud.context.scope.GenericScope     : BeanFactory id=636e9afd-d2f3-3e96-be38-8d834e3c6104
2025-06-11T08:08:24.471+05:30  INFO 4248 --- [NotificationService] [restartedMain] o.s.b.w.embedded.tomcat.TomcatWebServer  : Tomcat initialized with port 9091 (http)
2025-06-11T08:08:24.502+05:30  INFO 4248 --- [NotificationService] [restartedMain] o.apache.catalina.core.StandardService   : Starting service [Tomcat]
2025-06-11T08:08:24.503+05:30  INFO 4248 --- [NotificationService] [restartedMain] o.apache.catalina.core.StandardEngine    : Starting Servlet engine: [Apache Tomcat/10.1.40]
2025-06-11T08:08:24.687+05:30  INFO 4248 --- [NotificationService] [restartedMain] o.a.c.c.C.[Tomcat].[localhost].[/]       : Initializing Spring embedded WebApplicationContext
2025-06-11T08:08:24.690+05:30  INFO 4248 --- [NotificationService] [restartedMain] w.s.c.ServletWebServerApplicationContext : Root WebApplicationContext: initialization completed in 7308 ms
2025-06-11T08:08:25.952+05:30  INFO 4248 --- [NotificationService] [restartedMain] o.hibernate.jpa.internal.util.LogHelper  : HHH000204: Processing PersistenceUnitInfo [name: default]
2025-06-11T08:08:26.105+05:30  INFO 4248 --- [NotificationService] [restartedMain] org.hibernate.Version                    : HHH000412: Hibernate ORM core version 6.6.13.Final
2025-06-11T08:08:26.208+05:30  INFO 4248 --- [NotificationService] [restartedMain] o.h.c.internal.RegionFactoryInitiator    : HHH000026: Second-level cache disabled
2025-06-11T08:08:26.988+05:30  INFO 4248 --- [NotificationService] [restartedMain] o.s.o.j.p.SpringPersistenceUnitInfo      : No LoadTimeWeaver setup: ignoring JPA class transformer
2025-06-11T08:08:27.064+05:30  INFO 4248 --- [NotificationService] [restartedMain] com.zaxxer.hikari.HikariDataSource       : HikariPool-1 - Starting...
2025-06-11T08:08:28.058+05:30  INFO 4248 --- [NotificationService] [restartedMain] com.zaxxer.hikari.pool.HikariPool        : HikariPool-1 - Added connection com.mysql.cj.jdbc.ConnectionImpl@61519df6
2025-06-11T08:08:28.063+05:30  INFO 4248 --- [NotificationService] [restartedMain] com.zaxxer.hikari.HikariDataSource       : HikariPool-1 - Start completed.
2025-06-11T08:08:28.223+05:30  WARN 4248 --- [NotificationService] [restartedMain] org.hibernate.orm.deprecation            : HHH90000025: MySQLDialect does not need to be specified explicitly using 'hibernate.dialect' (remove the property setting and it will be selected by default)
2025-06-11T08:08:28.290+05:30  INFO 4248 --- [NotificationService] [restartedMain] org.hibernate.orm.connections.pooling    : HHH10001005: Database info:
	Database JDBC URL [Connecting through datasource 'HikariDataSource (HikariPool-1)']
	Database driver: undefined/unknown
	Database version: 8.0.41
	Autocommit mode: undefined/unknown
	Isolation level: undefined/unknown
	Minimum pool size: undefined/unknown
	Maximum pool size: undefined/unknown
2025-06-11T08:08:30.928+05:30  INFO 4248 --- [NotificationService] [restartedMain] o.h.e.t.j.p.i.JtaPlatformInitiator       : HHH000489: No JTA platform available (set 'hibernate.transaction.jta.platform' to enable JTA platform integration)
2025-06-11T08:08:31.079+05:30  INFO 4248 --- [NotificationService] [restartedMain] j.LocalContainerEntityManagerFactoryBean : Initialized JPA EntityManagerFactory for persistence unit 'default'
2025-06-11T08:08:32.446+05:30  WARN 4248 --- [NotificationService] [restartedMain] JpaBaseConfiguration$JpaWebConfiguration : spring.jpa.open-in-view is enabled by default. Therefore, database queries may be performed during view rendering. Explicitly configure spring.jpa.open-in-view to disable this warning
2025-06-11T08:08:35.198+05:30  WARN 4248 --- [NotificationService] [restartedMain] o.s.b.d.a.OptionalLiveReloadServer       : Unable to start LiveReload server
2025-06-11T08:08:35.292+05:30  INFO 4248 --- [NotificationService] [restartedMain] DiscoveryClientOptionalArgsConfiguration : Eureka HTTP Client uses RestTemplate.
2025-06-11T08:08:35.466+05:30  WARN 4248 --- [NotificationService] [restartedMain] iguration$LoadBalancerCaffeineWarnLogger : Spring Cloud LoadBalancer is currently working with the default cache. While this cache implementation is useful for development and tests, it's recommended to use Caffeine cache in production.You can switch to using Caffeine cache, by adding it and org.springframework.cache.caffeine.CaffeineCacheManager to the classpath.
2025-06-11T08:08:35.539+05:30  INFO 4248 --- [NotificationService] [restartedMain] o.s.b.a.e.web.EndpointLinksResolver      : Exposing 18 endpoints beneath base path '/actuator'
2025-06-11T08:08:35.799+05:30  INFO 4248 --- [NotificationService] [restartedMain] o.s.c.n.eureka.InstanceInfoFactory       : Setting initial instance status as: STARTING
2025-06-11T08:08:35.861+05:30  INFO 4248 --- [NotificationService] [restartedMain] com.netflix.discovery.DiscoveryClient    : Initializing Eureka in region us-east-1
2025-06-11T08:08:35.871+05:30  INFO 4248 --- [NotificationService] [restartedMain] c.n.d.s.r.aws.ConfigClusterResolver      : Resolving eureka endpoints via configuration
2025-06-11T08:08:35.899+05:30  INFO 4248 --- [NotificationService] [restartedMain] com.netflix.discovery.DiscoveryClient    : Disable delta property : false
2025-06-11T08:08:35.899+05:30  INFO 4248 --- [NotificationService] [restartedMain] com.netflix.discovery.DiscoveryClient    : Single vip registry refresh property : null
2025-06-11T08:08:35.900+05:30  INFO 4248 --- [NotificationService] [restartedMain] com.netflix.discovery.DiscoveryClient    : Force full registry fetch : false
2025-06-11T08:08:35.900+05:30  INFO 4248 --- [NotificationService] [restartedMain] com.netflix.discovery.DiscoveryClient    : Application is null : false
2025-06-11T08:08:35.900+05:30  INFO 4248 --- [NotificationService] [restartedMain] com.netflix.discovery.DiscoveryClient    : Registered Applications size is zero : true
2025-06-11T08:08:35.901+05:30  INFO 4248 --- [NotificationService] [restartedMain] com.netflix.discovery.DiscoveryClient    : Application version is -1: true
2025-06-11T08:08:35.901+05:30  INFO 4248 --- [NotificationService] [restartedMain] com.netflix.discovery.DiscoveryClient    : Getting all instance registry info from the eureka server
2025-06-11T08:08:36.916+05:30  INFO 4248 --- [NotificationService] [restartedMain] com.netflix.discovery.DiscoveryClient    : The response status is 200
2025-06-11T08:08:36.921+05:30  INFO 4248 --- [NotificationService] [restartedMain] com.netflix.discovery.DiscoveryClient    : Starting heartbeat executor: renew interval is: 30
2025-06-11T08:08:36.927+05:30  INFO 4248 --- [NotificationService] [restartedMain] c.n.discovery.InstanceInfoReplicator     : InstanceInfoReplicator onDemand update allowed rate per min is 4
2025-06-11T08:08:36.931+05:30  INFO 4248 --- [NotificationService] [restartedMain] com.netflix.discovery.DiscoveryClient    : Discovery Client initialized at timestamp 1749609516930 with initial instances count: 0
2025-06-11T08:08:36.958+05:30  INFO 4248 --- [NotificationService] [restartedMain] o.s.c.n.e.s.EurekaServiceRegistry        : Registering application NOTIFICATIONSERVICE with eureka with status UP
2025-06-11T08:08:36.963+05:30  INFO 4248 --- [NotificationService] [restartedMain] com.netflix.discovery.DiscoveryClient    : Saw local status change event StatusChangeEvent [timestamp=1749609516963, current=UP, previous=STARTING]
2025-06-11T08:08:36.971+05:30  INFO 4248 --- [NotificationService] [DiscoveryClient-InstanceInfoReplicator-%d] com.netflix.discovery.DiscoveryClient    : DiscoveryClient_NOTIFICATIONSERVICE/LTIN620190.cts.com:NotificationService:9091: registering service...
2025-06-11T08:08:37.015+05:30  INFO 4248 --- [NotificationService] [restartedMain] o.s.b.w.embedded.tomcat.TomcatWebServer  : Tomcat started on port 9091 (http) with context path '/'
2025-06-11T08:08:37.017+05:30  INFO 4248 --- [NotificationService] [restartedMain] .s.c.n.e.s.EurekaAutoServiceRegistration : Updating port to 9091
2025-06-11T08:08:37.058+05:30  INFO 4248 --- [NotificationService] [restartedMain] c.wimo.NotificationServiceApplication    : Started NotificationServiceApplication in 28.555 seconds (process running for 31.444)
2025-06-11T08:08:37.288+05:30  INFO 4248 --- [NotificationService] [DiscoveryClient-InstanceInfoReplicator-%d] com.netflix.discovery.DiscoveryClient    : DiscoveryClient_NOTIFICATIONSERVICE/LTIN620190.cts.com:NotificationService:9091 - registration status: 204
2025-06-11T08:08:37.621+05:30  INFO 4248 --- [NotificationService] [RMI TCP Connection(4)-127.0.0.1] o.a.c.c.C.[Tomcat].[localhost].[/]       : Initializing Spring DispatcherServlet 'dispatcherServlet'
2025-06-11T08:08:37.621+05:30  INFO 4248 --- [NotificationService] [RMI TCP Connection(4)-127.0.0.1] o.s.web.servlet.DispatcherServlet        : Initializing Servlet 'dispatcherServlet'
2025-06-11T08:08:37.625+05:30  INFO 4248 --- [NotificationService] [RMI TCP Connection(4)-127.0.0.1] o.s.web.servlet.DispatcherServlet        : Completed initialization in 4 ms
2025-06-11T08:09:06.923+05:30  INFO 4248 --- [NotificationService] [DiscoveryClient-CacheRefreshExecutor-%d] com.netflix.discovery.DiscoveryClient    : Disable delta property : false
2025-06-11T08:09:06.924+05:30  INFO 4248 --- [NotificationService] [DiscoveryClient-CacheRefreshExecutor-%d] com.netflix.discovery.DiscoveryClient    : Single vip registry refresh property : null
2025-06-11T08:09:06.924+05:30  INFO 4248 --- [NotificationService] [DiscoveryClient-CacheRefreshExecutor-%d] com.netflix.discovery.DiscoveryClient    : Force full registry fetch : false
2025-06-11T08:09:06.924+05:30  INFO 4248 --- [NotificationService] [DiscoveryClient-CacheRefreshExecutor-%d] com.netflix.discovery.DiscoveryClient    : Application is null : false
2025-06-11T08:09:06.925+05:30  INFO 4248 --- [NotificationService] [DiscoveryClient-CacheRefreshExecutor-%d] com.netflix.discovery.DiscoveryClient    : Registered Applications size is zero : true
2025-06-11T08:09:06.925+05:30  INFO 4248 --- [NotificationService] [DiscoveryClient-CacheRefreshExecutor-%d] com.netflix.discovery.DiscoveryClient    : Application version is -1: false
2025-06-11T08:09:06.925+05:30  INFO 4248 --- [NotificationService] [DiscoveryClient-CacheRefreshExecutor-%d] com.netflix.discovery.DiscoveryClient    : Getting all instance registry info from the eureka server
2025-06-11T08:09:06.963+05:30  INFO 4248 --- [NotificationService] [DiscoveryClient-CacheRefreshExecutor-%d] com.netflix.discovery.DiscoveryClient    : The response status is 200
2025-06-11T08:13:35.907+05:30  INFO 4248 --- [NotificationService] [AsyncResolver-bootstrap-executor-%d] c.n.d.s.r.aws.ConfigClusterResolver      : Resolving eureka endpoints via configuration
2025-06-11T08:18:35.910+05:30  INFO 4248 --- [NotificationService] [AsyncResolver-bootstrap-executor-%d] c.n.d.s.r.aws.ConfigClusterResolver      : Resolving eureka endpoints via configuration
2025-06-11T08:23:35.918+05:30  INFO 4248 --- [NotificationService] [AsyncResolver-bootstrap-executor-%d] c.n.d.s.r.aws.ConfigClusterResolver      : Resolving eureka endpoints via configuration
2025-06-11T08:28:35.925+05:30  INFO 4248 --- [NotificationService] [AsyncResolver-bootstrap-executor-%d] c.n.d.s.r.aws.ConfigClusterResolver      : Resolving eureka endpoints via configuration
2025-06-11T08:33:35.942+05:30  INFO 4248 --- [NotificationService] [AsyncResolver-bootstrap-executor-%d] c.n.d.s.r.aws.ConfigClusterResolver      : Resolving eureka endpoints via configuration
2025-06-11T08:38:35.954+05:30  INFO 4248 --- [NotificationService] [AsyncResolver-bootstrap-executor-%d] c.n.d.s.r.aws.ConfigClusterResolver      : Resolving eureka endpoints via configuration
2025-06-11T08:43:35.956+05:30  INFO 4248 --- [NotificationService] [AsyncResolver-bootstrap-executor-%d] c.n.d.s.r.aws.ConfigClusterResolver      : Resolving eureka endpoints via configuration
2025-06-11T08:48:35.959+05:30  INFO 4248 --- [NotificationService] [AsyncResolver-bootstrap-executor-%d] c.n.d.s.r.aws.ConfigClusterResolver      : Resolving eureka endpoints via configuration
2025-06-11T08:53:35.970+05:30  INFO 4248 --- [NotificationService] [AsyncResolver-bootstrap-executor-%d] c.n.d.s.r.aws.ConfigClusterResolver      : Resolving eureka endpoints via configuration
2025-06-11T08:58:35.985+05:30  INFO 4248 --- [NotificationService] [AsyncResolver-bootstrap-executor-%d] c.n.d.s.r.aws.ConfigClusterResolver      : Resolving eureka endpoints via configuration
2025-06-11T09:03:35.986+05:30  INFO 4248 --- [NotificationService] [AsyncResolver-bootstrap-executor-%d] c.n.d.s.r.aws.ConfigClusterResolver      : Resolving eureka endpoints via configuration
2025-06-11T09:08:35.997+05:30  INFO 4248 --- [NotificationService] [AsyncResolver-bootstrap-executor-%d] c.n.d.s.r.aws.ConfigClusterResolver      : Resolving eureka endpoints via configuration
2025-06-11T09:13:36.005+05:30  INFO 4248 --- [NotificationService] [AsyncResolver-bootstrap-executor-%d] c.n.d.s.r.aws.ConfigClusterResolver      : Resolving eureka endpoints via configuration
2025-06-11T09:18:36.010+05:30  INFO 4248 --- [NotificationService] [AsyncResolver-bootstrap-executor-%d] c.n.d.s.r.aws.ConfigClusterResolver      : Resolving eureka endpoints via configuration
2025-06-11T09:23:36.024+05:30  INFO 4248 --- [NotificationService] [AsyncResolver-bootstrap-executor-%d] c.n.d.s.r.aws.ConfigClusterResolver      : Resolving eureka endpoints via configuration
2025-06-11T09:28:36.030+05:30  INFO 4248 --- [NotificationService] [AsyncResolver-bootstrap-executor-%d] c.n.d.s.r.aws.ConfigClusterResolver      : Resolving eureka endpoints via configuration
2025-06-11T09:29:10.808+05:30  INFO 4248 --- [NotificationService] [http-nio-9091-exec-2] c.w.controller.NotificationController    : .......................inside notifyAdmins
2025-06-11T09:29:12.772+05:30  INFO 4248 --- [NotificationService] [http-nio-9091-exec-3] c.w.controller.NotificationController    : .......................inside notifyAdmins
2025-06-11T09:33:36.041+05:30  INFO 4248 --- [NotificationService] [AsyncResolver-bootstrap-executor-%d] c.n.d.s.r.aws.ConfigClusterResolver      : Resolving eureka endpoints via configuration
2025-06-11T09:38:36.047+05:30  INFO 4248 --- [NotificationService] [AsyncResolver-bootstrap-executor-%d] c.n.d.s.r.aws.ConfigClusterResolver      : Resolving eureka endpoints via configuration
2025-06-11T09:43:36.061+05:30  INFO 4248 --- [NotificationService] [AsyncResolver-bootstrap-executor-%d] c.n.d.s.r.aws.ConfigClusterResolver      : Resolving eureka endpoints via configuration
2025-06-11T09:44:05.221+05:30  INFO 4248 --- [NotificationService] [http-nio-9091-exec-5] c.w.controller.NotificationController    : .......................inside notifyAdmins
2025-06-11T09:44:08.333+05:30  INFO 4248 --- [NotificationService] [http-nio-9091-exec-6] c.w.controller.NotificationController    : .......................inside notifyAdmins
2025-06-11T09:44:13.654+05:30  INFO 4248 --- [NotificationService] [http-nio-9091-exec-7] c.w.controller.NotificationController    : .......................inside notifyAdmins
2025-06-11T09:44:14.972+05:30  INFO 4248 --- [NotificationService] [http-nio-9091-exec-10] c.w.controller.NotificationController    : .......................inside notifyAdmins
2025-06-11T09:44:15.858+05:30  INFO 4248 --- [NotificationService] [http-nio-9091-exec-2] c.w.controller.NotificationController    : .......................inside notifyAdmins
2025-06-11T09:44:17.182+05:30  INFO 4248 --- [NotificationService] [http-nio-9091-exec-4] c.w.controller.NotificationController    : .......................inside notifyAdmins
2025-06-11T09:44:24.933+05:30  INFO 4248 --- [NotificationService] [http-nio-9091-exec-6] c.w.controller.NotificationController    : .......................inside notifyAdmins
2025-06-11T09:44:51.533+05:30  INFO 4248 --- [NotificationService] [http-nio-9091-exec-8] c.w.controller.NotificationController    : .......................inside notifyAdmins
2025-06-11T09:48:36.063+05:30  INFO 4248 --- [NotificationService] [AsyncResolver-bootstrap-executor-%d] c.n.d.s.r.aws.ConfigClusterResolver      : Resolving eureka endpoints via configuration
2025-06-11T09:52:13.540+05:30  INFO 4248 --- [NotificationService] [http-nio-9091-exec-9] c.w.controller.NotificationController    : .......................inside notifyAdmins
2025-06-11T09:53:14.346+05:30  INFO 4248 --- [NotificationService] [http-nio-9091-exec-1] c.w.controller.NotificationController    : .......................inside notifyAdmins
2025-06-11T09:53:15.509+05:30  INFO 4248 --- [NotificationService] [http-nio-9091-exec-2] c.w.controller.NotificationController    : .......................inside notifyAdmins
2025-06-11T09:53:36.065+05:30  INFO 4248 --- [NotificationService] [AsyncResolver-bootstrap-executor-%d] c.n.d.s.r.aws.ConfigClusterResolver      : Resolving eureka endpoints via configuration
2025-06-11T09:55:46.889+05:30  INFO 4248 --- [NotificationService] [http-nio-9091-exec-4] c.w.controller.NotificationController    : .......................inside notifyAdmins
2025-06-11T09:55:46.890+05:30  INFO 4248 --- [NotificationService] [http-nio-9091-exec-4] c.w.controller.NotificationController    : .......................email sending admins:AdminNotificationRequest(notificationId=0, stockName=Notebooks, stockQuantity=50, vendorName=Charan, vendorEmail=areyentraidhi850@gmail.com, zoneName=Book Bay, adminEmails=[kusumareddy157@gmail.com, kusumaraju1806@gmail.com])
2025-06-11T09:57:35.399+05:30  WARN 4248 --- [NotificationService] [http-nio-9091-exec-4] .m.m.a.ExceptionHandlerExceptionResolver : Resolved [org.springframework.mail.MailSendException: Mail server connection failed. Failed messages: jakarta.mail.MessagingException: Exception reading response;<EOL>  nested exception is:<EOL>?java.net.SocketException: An established connection was aborted by the software in your host machine; message exceptions (1) are:<EOL>Failed message 1: jakarta.mail.MessagingException: Exception reading response;<EOL>  nested exception is:<EOL>?java.net.SocketException: An established connection was aborted by the software in your host machine]
2025-06-11T09:58:36.069+05:30  INFO 4248 --- [NotificationService] [AsyncResolver-bootstrap-executor-%d] c.n.d.s.r.aws.ConfigClusterResolver      : Resolving eureka endpoints via configuration
2025-06-11T09:59:27.744+05:30  INFO 4248 --- [NotificationService] [http-nio-9091-exec-6] c.w.controller.NotificationController    : .......................inside notifyAdmins
2025-06-11T09:59:32.807+05:30  INFO 4248 --- [NotificationService] [http-nio-9091-exec-8] c.w.controller.NotificationController    : .......................inside notifyAdmins
2025-06-11T09:59:36.138+05:30  INFO 4248 --- [NotificationService] [http-nio-9091-exec-7] c.w.controller.NotificationController    : .......................inside notifyAdmins
2025-06-11T10:01:05.163+05:30  INFO 4248 --- [NotificationService] [http-nio-9091-exec-10] c.w.controller.NotificationController    : .......................inside notifyAdmins
2025-06-11T10:03:36.084+05:30  INFO 4248 --- [NotificationService] [AsyncResolver-bootstrap-executor-%d] c.n.d.s.r.aws.ConfigClusterResolver      : Resolving eureka endpoints via configuration
2025-06-11T10:08:36.088+05:30  INFO 4248 --- [NotificationService] [AsyncResolver-bootstrap-executor-%d] c.n.d.s.r.aws.ConfigClusterResolver      : Resolving eureka endpoints via configuration
2025-06-11T10:13:36.112+05:30  INFO 4248 --- [NotificationService] [AsyncResolver-bootstrap-executor-%d] c.n.d.s.r.aws.ConfigClusterResolver      : Resolving eureka endpoints via configuration
2025-06-11T10:18:36.121+05:30  INFO 4248 --- [NotificationService] [AsyncResolver-bootstrap-executor-%d] c.n.d.s.r.aws.ConfigClusterResolver      : Resolving eureka endpoints via configuration
2025-06-11T10:23:36.134+05:30  INFO 4248 --- [NotificationService] [AsyncResolver-bootstrap-executor-%d] c.n.d.s.r.aws.ConfigClusterResolver      : Resolving eureka endpoints via configuration
2025-06-11T10:28:36.140+05:30  INFO 4248 --- [NotificationService] [AsyncResolver-bootstrap-executor-%d] c.n.d.s.r.aws.ConfigClusterResolver      : Resolving eureka endpoints via configuration
2025-06-11T10:36:51.830+05:30  WARN 4248 --- [NotificationService] [HikariPool-1 housekeeper] com.zaxxer.hikari.pool.HikariPool        : HikariPool-1 - Thread starvation or clock leap detected (housekeeper delta=5m51s602ms196µs899ns).
2025-06-11T10:38:57.700+05:30  INFO 4248 --- [NotificationService] [AsyncResolver-bootstrap-executor-%d] c.n.d.s.r.aws.ConfigClusterResolver      : Resolving eureka endpoints via configuration
2025-06-11T10:43:57.710+05:30  INFO 4248 --- [NotificationService] [AsyncResolver-bootstrap-executor-%d] c.n.d.s.r.aws.ConfigClusterResolver      : Resolving eureka endpoints via configuration
2025-06-11T10:48:03.210+05:30  INFO 4248 --- [NotificationService] [http-nio-9091-exec-3] c.w.controller.NotificationController    : .......................inside notifyAdmins
2025-06-11T10:48:57.723+05:30  INFO 4248 --- [NotificationService] [AsyncResolver-bootstrap-executor-%d] c.n.d.s.r.aws.ConfigClusterResolver      : Resolving eureka endpoints via configuration
2025-06-11T10:49:13.274+05:30  INFO 4248 --- [NotificationService] [http-nio-9091-exec-5] c.w.controller.NotificationController    : .......................inside notifyAdmins
2025-06-11T10:50:28.580+05:30  INFO 4248 --- [NotificationService] [http-nio-9091-exec-8] c.w.controller.NotificationController    : .......................inside notifyAdmins
2025-06-11T10:53:37.927+05:30  INFO 4248 --- [NotificationService] [http-nio-9091-exec-9] c.w.controller.NotificationController    : .......................inside notifyAdmins
2025-06-11T10:53:46.999+05:30  INFO 4248 --- [NotificationService] [http-nio-9091-exec-10] c.w.controller.NotificationController    : .......................inside notifyAdmins
2025-06-11T10:53:53.119+05:30  INFO 4248 --- [NotificationService] [http-nio-9091-exec-1] c.w.controller.NotificationController    : .......................inside notifyAdmins
2025-06-11T10:53:57.732+05:30  INFO 4248 --- [NotificationService] [AsyncResolver-bootstrap-executor-%d] c.n.d.s.r.aws.ConfigClusterResolver      : Resolving eureka endpoints via configuration
2025-06-11T10:54:07.168+05:30  INFO 4248 --- [NotificationService] [http-nio-9091-exec-2] c.w.controller.NotificationController    : .......................inside notifyAdmins
2025-06-11T10:54:17.752+05:30  INFO 4248 --- [NotificationService] [http-nio-9091-exec-3] c.w.controller.NotificationController    : .......................inside notifyAdmins
2025-06-11T10:54:20.155+05:30  INFO 4248 --- [NotificationService] [http-nio-9091-exec-4] c.w.controller.NotificationController    : .......................inside notifyAdmins
2025-06-11T10:54:40.109+05:30  INFO 4248 --- [NotificationService] [http-nio-9091-exec-5] c.w.controller.NotificationController    : .......................inside notifyAdmins
2025-06-11T10:54:48.342+05:30  INFO 4248 --- [NotificationService] [http-nio-9091-exec-6] c.w.controller.NotificationController    : .......................inside notifyAdmins
2025-06-11T10:55:39.462+05:30  INFO 4248 --- [NotificationService] [http-nio-9091-exec-8] c.w.controller.NotificationController    : .......................inside notifyAdmins
2025-06-11T10:58:57.748+05:30  INFO 4248 --- [NotificationService] [AsyncResolver-bootstrap-executor-%d] c.n.d.s.r.aws.ConfigClusterResolver      : Resolving eureka endpoints via configuration
2025-06-11T11:08:05.793+05:30  WARN 4248 --- [NotificationService] [HikariPool-1 housekeeper] com.zaxxer.hikari.pool.HikariPool        : HikariPool-1 - Thread starvation or clock leap detected (housekeeper delta=6m13s548ms686µs99ns).
2025-06-11T11:09:41.289+05:30  INFO 4248 --- [NotificationService] [AsyncResolver-bootstrap-executor-%d] c.n.d.s.r.aws.ConfigClusterResolver      : Resolving eureka endpoints via configuration
2025-06-11T11:11:26.172+05:30  INFO 4248 --- [NotificationService] [http-nio-9091-exec-9] c.w.controller.NotificationController    : .......................inside notifyAdmins
2025-06-11T11:14:41.306+05:30  INFO 4248 --- [NotificationService] [AsyncResolver-bootstrap-executor-%d] c.n.d.s.r.aws.ConfigClusterResolver      : Resolving eureka endpoints via configuration
2025-06-11T11:20:09.137+05:30  WARN 4248 --- [NotificationService] [HikariPool-1 housekeeper] com.zaxxer.hikari.pool.HikariPool        : HikariPool-1 - Thread starvation or clock leap detected (housekeeper delta=2m3s165ms729µs700ns).
2025-06-11T11:21:14.461+05:30  INFO 4248 --- [NotificationService] [AsyncResolver-bootstrap-executor-%d] c.n.d.s.r.aws.ConfigClusterResolver      : Resolving eureka endpoints via configuration
2025-06-11T11:26:14.474+05:30  INFO 4248 --- [NotificationService] [AsyncResolver-bootstrap-executor-%d] c.n.d.s.r.aws.ConfigClusterResolver      : Resolving eureka endpoints via configuration
2025-06-11T11:31:14.487+05:30  INFO 4248 --- [NotificationService] [AsyncResolver-bootstrap-executor-%d] c.n.d.s.r.aws.ConfigClusterResolver      : Resolving eureka endpoints via configuration
2025-06-11T11:36:14.491+05:30  INFO 4248 --- [NotificationService] [AsyncResolver-bootstrap-executor-%d] c.n.d.s.r.aws.ConfigClusterResolver      : Resolving eureka endpoints via configuration
